#
# There is insufficient memory for the Java Runtime Environment to continue.
# Native memory allocation (malloc) failed to allocate 2072016 bytes. Error detail: Chunk::new
# Possible reasons:
#   The system is out of physical RAM or swap space
#   This process is running with CompressedOops enabled, and the Java Heap may be blocking the growth of the native heap
# Possible solutions:
#   Reduce memory load on the system
#   Increase physical memory or swap space
#   Check if swap backing store is full
#   Decrease Java heap size (-Xmx/-Xms)
#   Decrease number of Java threads
#   Decrease Java thread stack sizes (-Xss)
#   Set larger code cache with -XX:ReservedCodeCacheSize=
#   JVM is running with Unscaled Compressed Oops mode in which the Java heap is
#     placed in the first 4GB address space. The Java Heap base address is the
#     maximum limit for the native heap growth. Please use -XX:HeapBaseMinAddress
#     to set the Java Heap base and to place the Java Heap above 4GB virtual address.
# This output file may be truncated or incomplete.
#
#  Out of Memory Error (arena.cpp:150), pid=12324, tid=12872
#
# JRE version: Java(TM) SE Runtime Environment (22.0.2+9) (build 22.0.2+9-70)
# Java VM: Java HotSpot(TM) 64-Bit Server VM (22.0.2+9-70, mixed mode, sharing, tiered, compressed oops, compressed class ptrs, g1 gc, windows-amd64)
# No core dump will be written. Minidumps are not enabled by default on client versions of Windows
#

---------------  S U M M A R Y ------------

Command Line: -Dfile.encoding=UTF-8 --module-path=D:\Eastern University\DBMS Project\Electricity Billing System\build\classes electricity.billing.system.Splash

Host: Intel(R) Core(TM) i5-7300U CPU @ 2.60GHz, 4 cores, 7G,  Windows 10 , 64 bit Build 19041 (10.0.19041.5072)
Time: Fri Nov 15 10:18:53 2024 Bangladesh Standard Time elapsed time: 38.064561 seconds (0d 0h 0m 38s)

---------------  T H R E A D  ---------------

Current thread (0x0000021e22bcee20):  JavaThread "C2 CompilerThread0" daemon [_thread_in_native, id=12872, stack(0x000000461a100000,0x000000461a200000) (1024K)]


Current CompileTask:
C2:38064 5752   !   4       sun.awt.image.PNGImageDecoder::produceImage (1917 bytes)

Stack: [0x000000461a100000,0x000000461a200000]
Native frames: (J=compiled Java code, j=interpreted, Vv=VM code, C=native code)
V  [jvm.dll+0x6e26e9]  (no source info available)
V  [jvm.dll+0x875753]  (no source info available)
V  [jvm.dll+0x877b7e]  (no source info available)
V  [jvm.dll+0x878253]  (no source info available)
V  [jvm.dll+0x27fc86]  (no source info available)
V  [jvm.dll+0xc3d0f]  (no source info available)
V  [jvm.dll+0xc3f6b]  (no source info available)
V  [jvm.dll+0x3bb442]  (no source info available)
V  [jvm.dll+0x387d4b]  (no source info available)
V  [jvm.dll+0x3871ba]  (no source info available)
V  [jvm.dll+0x2477f8]  (no source info available)
V  [jvm.dll+0x246e9f]  (no source info available)
V  [jvm.dll+0x1c4e80]  (no source info available)
V  [jvm.dll+0x2568f3]  (no source info available)
V  [jvm.dll+0x254baa]  (no source info available)
V  [jvm.dll+0x3f57a6]  (no source info available)
V  [jvm.dll+0x81dc0b]  (no source info available)
V  [jvm.dll+0x6e0d85]  (no source info available)
C  [ucrtbase.dll+0x21bb2]  (no source info available)
C  [KERNEL32.DLL+0x17374]  (no source info available)
C  [ntdll.dll+0x4cc91]  (no source info available)


---------------  P R O C E S S  ---------------

Threads class SMR info:
_java_thread_list=0x0000021e6c89bd00, length=25, elements={
0x0000021e22bbd990, 0x0000021e22bc5930, 0x0000021e22bcad20, 0x0000021e22bcb930,
0x0000021e22bccb30, 0x0000021e22bcd740, 0x0000021e22bcee20, 0x0000021e22be8ff0,
0x0000021e680a6830, 0x0000021e6822c150, 0x0000021e683b7280, 0x0000021e683bb800,
0x0000021e683c1160, 0x0000021e69dee700, 0x0000021e04acb9e0, 0x0000021e6a2521e0,
0x0000021e682a0100, 0x0000021e6c88b290, 0x0000021e6c88b920, 0x0000021e6c889ee0,
0x0000021e6c88c640, 0x0000021e6c88ccd0, 0x0000021e6c889850, 0x0000021e6a3214c0,
0x0000021e69cc3630
}

Java Threads: ( => current thread )
  0x0000021e22bbd990 JavaThread "Reference Handler"          daemon [_thread_blocked, id=13240, stack(0x0000004619b00000,0x0000004619c00000) (1024K)]
  0x0000021e22bc5930 JavaThread "Finalizer"                  daemon [_thread_blocked, id=11528, stack(0x0000004619c00000,0x0000004619d00000) (1024K)]
  0x0000021e22bcad20 JavaThread "Signal Dispatcher"          daemon [_thread_blocked, id=12192, stack(0x0000004619d00000,0x0000004619e00000) (1024K)]
  0x0000021e22bcb930 JavaThread "Attach Listener"            daemon [_thread_blocked, id=13104, stack(0x0000004619e00000,0x0000004619f00000) (1024K)]
  0x0000021e22bccb30 JavaThread "Service Thread"             daemon [_thread_blocked, id=11504, stack(0x0000004619f00000,0x000000461a000000) (1024K)]
  0x0000021e22bcd740 JavaThread "Monitor Deflation Thread"   daemon [_thread_blocked, id=4400, stack(0x000000461a000000,0x000000461a100000) (1024K)]
=>0x0000021e22bcee20 JavaThread "C2 CompilerThread0"         daemon [_thread_in_native, id=12872, stack(0x000000461a100000,0x000000461a200000) (1024K)]
  0x0000021e22be8ff0 JavaThread "C1 CompilerThread0"         daemon [_thread_blocked, id=11832, stack(0x000000461a200000,0x000000461a300000) (1024K)]
  0x0000021e680a6830 JavaThread "Common-Cleaner"             daemon [_thread_blocked, id=3640, stack(0x000000461a300000,0x000000461a400000) (1024K)]
  0x0000021e6822c150 JavaThread "Notification Thread"        daemon [_thread_blocked, id=8224, stack(0x000000461a400000,0x000000461a500000) (1024K)]
  0x0000021e683b7280 JavaThread "Java2D Disposer"            daemon [_thread_blocked, id=13268, stack(0x000000461a600000,0x000000461a700000) (1024K)]
  0x0000021e683bb800 JavaThread "AWT-Shutdown"                      [_thread_blocked, id=11348, stack(0x000000461a700000,0x000000461a800000) (1024K)]
  0x0000021e683c1160 JavaThread "AWT-Windows"                daemon [_thread_in_native, id=220, stack(0x000000461a800000,0x000000461a900000) (1024K)]
  0x0000021e69dee700 JavaThread "AWT-EventQueue-0"                  [_thread_blocked, id=13000, stack(0x000000461aa00000,0x000000461ab00000) (1024K)]
  0x0000021e04acb9e0 JavaThread "DestroyJavaVM"                     [_thread_blocked, id=7960, stack(0x0000004619300000,0x0000004619400000) (1024K)]
  0x0000021e6a2521e0 JavaThread "TimerQueue"                 daemon [_thread_blocked, id=8120, stack(0x000000461ab00000,0x000000461ac00000) (1024K)]
  0x0000021e682a0100 JavaThread "mysql-cj-abandoned-connection-cleanup" daemon [_thread_blocked, id=10804, stack(0x000000461a500000,0x000000461a600000) (1024K)]
  0x0000021e6c88b290 JavaThread "SwingWorker-pool-1-thread-1" daemon [_thread_blocked, id=5704, stack(0x000000461af00000,0x000000461b000000) (1024K)]
  0x0000021e6c88b920 JavaThread "Image Fetcher 0"            daemon [_thread_in_vm, id=12916, stack(0x000000461b300000,0x000000461b400000) (1024K)]
  0x0000021e6c889ee0 JavaThread "Keep-Alive-Timer"           daemon [_thread_blocked, id=8356, stack(0x000000461b400000,0x000000461b500000) (1024K)]
  0x0000021e6c88c640 JavaThread "Image Fetcher 1"            daemon [_thread_blocked, id=8608, stack(0x000000461b500000,0x000000461b600000) (1024K)]
  0x0000021e6c88ccd0 JavaThread "Image Fetcher 2"            daemon [_thread_blocked, id=11516, stack(0x000000461b600000,0x000000461b700000) (1024K)]
  0x0000021e6c889850 JavaThread "Image Fetcher 3"            daemon [_thread_blocked, id=5784, stack(0x000000461b700000,0x000000461b800000) (1024K)]
  0x0000021e6a3214c0 JavaThread "Keep-Alive-SocketCleaner"   daemon [_thread_blocked, id=3264, stack(0x000000461a900000,0x000000461aa00000) (1024K)]
  0x0000021e69cc3630 JavaThread "C2 CompilerThread1"         daemon [_thread_in_native, id=2392, stack(0x000000461b800000,0x000000461b900000) (1024K)]
Total: 25

Other Threads:
  0x0000021e22ba7870 VMThread "VM Thread"                           [id=13076, stack(0x0000004619a00000,0x0000004619b00000) (1024K)]
  0x0000021e22b8fda0 WatcherThread "VM Periodic Task Thread"        [id=11272, stack(0x0000004619900000,0x0000004619a00000) (1024K)]
  0x0000021e06c67ba0 WorkerThread "GC Thread#0"                     [id=12388, stack(0x0000004619400000,0x0000004619500000) (1024K)]
  0x0000021e6a0fae40 WorkerThread "GC Thread#1"                     [id=6860, stack(0x000000461ac00000,0x000000461ad00000) (1024K)]
  0x0000021e69f46a70 WorkerThread "GC Thread#2"                     [id=3192, stack(0x000000461ad00000,0x000000461ae00000) (1024K)]
  0x0000021e69f46e20 WorkerThread "GC Thread#3"                     [id=10756, stack(0x000000461ae00000,0x000000461af00000) (1024K)]
  0x0000021e06c798a0 ConcurrentGCThread "G1 Main Marker"            [id=8916, stack(0x0000004619500000,0x0000004619600000) (1024K)]
  0x0000021e06c7aa60 WorkerThread "G1 Conc#0"                       [id=13160, stack(0x0000004619600000,0x0000004619700000) (1024K)]
  0x0000021e06cddff0 ConcurrentGCThread "G1 Refine#0"               [id=13064, stack(0x0000004619700000,0x0000004619800000) (1024K)]
  0x0000021e06cdea80 ConcurrentGCThread "G1 Service"                [id=12868, stack(0x0000004619800000,0x0000004619900000) (1024K)]
Total: 10

Threads with active compile tasks:
C2 CompilerThread0  38192 5752   !   4       sun.awt.image.PNGImageDecoder::produceImage (1917 bytes)
C2 CompilerThread1  38192 5839       4       sun.font.StandardGlyphVector$GlyphStrike::getGlyphOutlineBounds (123 bytes)
Total: 2

VM state: not at safepoint (normal execution)

VM Mutex/Monitor currently owned by a thread:  ([mutex/lock_event])
[0x00007ff8a01ccc80] Heap_lock - owner thread: 0x0000021e6c88b920

Heap address: 0x0000000081e00000, size: 2018 MB, Compressed Oops mode: 32-bit

CDS archive(s) mapped at: [0x0000021e23000000-0x0000021e23c60000-0x0000021e23c60000), size 12976128, SharedBaseAddress: 0x0000021e23000000, ArchiveRelocationMode: 1.
Compressed class space mapped at: 0x0000021e24000000-0x0000021e64000000, reserved size: 1073741824
Narrow klass base: 0x0000021e23000000, Narrow klass shift: 0, Narrow klass range: 0x41000000

GC Precious Log:
 CardTable entry size: 512
 Card Set container configuration: InlinePtr #cards 5 size 8 Array Of Cards #cards 12 size 40 Howl #buckets 4 coarsen threshold 1843 Howl Bitmap #cards 512 size 80 coarsen threshold 460 Card regions per heap region 1 cards per card region 2048
 CPUs: 4 total, 4 available
 Memory: 8067M
 Large Page Support: Disabled
 NUMA Support: Disabled
 Compressed Oops: Enabled (32-bit)
 Heap Region Size: 1M
 Heap Min Capacity: 8M
 Heap Initial Capacity: 128M
 Heap Max Capacity: 2018M
 Pre-touch: Disabled
 Parallel Workers: 4
 Concurrent Workers: 1
 Concurrent Refinement Workers: 4
 Periodic GC: Disabled

Heap:
 garbage-first heap   total reserved 2066432K, committed 171008K, used 158925K [0x0000000081e00000, 0x0000000100000000)
  region size 1024K, 43 young (44032K), 1 survivors (1024K)
 Metaspace       used 27353K, committed 27968K, reserved 1114112K
  class space    used 3034K, committed 3328K, reserved 1048576K

Heap Regions: E=young(eden), S=young(survivor), O=old, HS=humongous(starts), HC=humongous(continues), CS=collection set, F=free, TAMS=top-at-mark-start, PB=parsable bottom
|   0|0x0000000081e00000, 0x0000000081f00000, 0x0000000081f00000|100%|HS|  |TAMS 0x0000000081e00000| PB 0x0000000081e00000| Complete |  0
|   1|0x0000000081f00000, 0x0000000082000000, 0x0000000082000000|100%|HC|  |TAMS 0x0000000081f00000| PB 0x0000000081f00000| Complete |  0
|   2|0x0000000082000000, 0x0000000082100000, 0x0000000082100000|100%|HS|  |TAMS 0x0000000082000000| PB 0x0000000082000000| Complete |  0
|   3|0x0000000082100000, 0x0000000082200000, 0x0000000082200000|100%|HC|  |TAMS 0x0000000082100000| PB 0x0000000082100000| Complete |  0
|   4|0x0000000082200000, 0x0000000082300000, 0x0000000082300000|100%| O|  |TAMS 0x0000000082200000| PB 0x0000000082200000| Untracked |  0
|   5|0x0000000082300000, 0x0000000082400000, 0x0000000082400000|100%| O|  |TAMS 0x0000000082300000| PB 0x0000000082300000| Untracked |  0
|   6|0x0000000082400000, 0x0000000082500000, 0x0000000082500000|100%| O|  |TAMS 0x0000000082400000| PB 0x0000000082400000| Untracked |  0
|   7|0x0000000082500000, 0x0000000082600000, 0x0000000082600000|100%|HS|  |TAMS 0x0000000082500000| PB 0x0000000082500000| Complete |  0
|   8|0x0000000082600000, 0x0000000082700000, 0x0000000082700000|100%|HS|  |TAMS 0x0000000082600000| PB 0x0000000082600000| Complete |  0
|   9|0x0000000082700000, 0x0000000082800000, 0x0000000082800000|100%|HC|  |TAMS 0x0000000082700000| PB 0x0000000082700000| Complete |  0
|  10|0x0000000082800000, 0x0000000082900000, 0x0000000082900000|100%| O|  |TAMS 0x0000000082800000| PB 0x0000000082800000| Untracked |  0
|  11|0x0000000082900000, 0x0000000082a00000, 0x0000000082a00000|100%| O|  |TAMS 0x0000000082900000| PB 0x0000000082900000| Untracked |  0
|  12|0x0000000082a00000, 0x0000000082b00000, 0x0000000082b00000|100%|HS|  |TAMS 0x0000000082a00000| PB 0x0000000082a00000| Complete |  0
|  13|0x0000000082b00000, 0x0000000082c00000, 0x0000000082c00000|100%|HC|  |TAMS 0x0000000082b00000| PB 0x0000000082b00000| Complete |  0
|  14|0x0000000082c00000, 0x0000000082d00000, 0x0000000082d00000|100%|HC|  |TAMS 0x0000000082c00000| PB 0x0000000082c00000| Complete |  0
|  15|0x0000000082d00000, 0x0000000082e00000, 0x0000000082e00000|100%|HC|  |TAMS 0x0000000082d00000| PB 0x0000000082d00000| Complete |  0
|  16|0x0000000082e00000, 0x0000000082f00000, 0x0000000082f00000|100%| O|  |TAMS 0x0000000082e00000| PB 0x0000000082e00000| Untracked |  0
|  17|0x0000000082f00000, 0x0000000083000000, 0x0000000083000000|100%| O|  |TAMS 0x0000000082f00000| PB 0x0000000082f00000| Untracked |  0
|  18|0x0000000083000000, 0x0000000083100000, 0x0000000083100000|100%|HS|  |TAMS 0x0000000083000000| PB 0x0000000083000000| Complete |  0
|  19|0x0000000083100000, 0x0000000083200000, 0x0000000083200000|100%|HC|  |TAMS 0x0000000083100000| PB 0x0000000083100000| Complete |  0
|  20|0x0000000083200000, 0x0000000083300000, 0x0000000083300000|100%|HC|  |TAMS 0x0000000083200000| PB 0x0000000083200000| Complete |  0
|  21|0x0000000083300000, 0x0000000083400000, 0x0000000083400000|100%|HC|  |TAMS 0x0000000083300000| PB 0x0000000083300000| Complete |  0
|  22|0x0000000083400000, 0x0000000083500000, 0x0000000083500000|100%|HC|  |TAMS 0x0000000083400000| PB 0x0000000083400000| Complete |  0
|  23|0x0000000083500000, 0x0000000083600000, 0x0000000083600000|100%|HC|  |TAMS 0x0000000083500000| PB 0x0000000083500000| Complete |  0
|  24|0x0000000083600000, 0x0000000083700000, 0x0000000083700000|100%|HC|  |TAMS 0x0000000083600000| PB 0x0000000083600000| Complete |  0
|  25|0x0000000083700000, 0x0000000083800000, 0x0000000083800000|100%|HC|  |TAMS 0x0000000083700000| PB 0x0000000083700000| Complete |  0
|  26|0x0000000083800000, 0x0000000083900000, 0x0000000083900000|100%|HS|  |TAMS 0x0000000083800000| PB 0x0000000083800000| Complete |  0
|  27|0x0000000083900000, 0x0000000083a00000, 0x0000000083a00000|100%|HC|  |TAMS 0x0000000083900000| PB 0x0000000083900000| Complete |  0
|  28|0x0000000083a00000, 0x0000000083b00000, 0x0000000083b00000|100%|HS|  |TAMS 0x0000000083a00000| PB 0x0000000083a00000| Complete |  0
|  29|0x0000000083b00000, 0x0000000083c00000, 0x0000000083c00000|100%|HC|  |TAMS 0x0000000083b00000| PB 0x0000000083b00000| Complete |  0
|  30|0x0000000083c00000, 0x0000000083d00000, 0x0000000083d00000|100%|HC|  |TAMS 0x0000000083c00000| PB 0x0000000083c00000| Complete |  0
|  31|0x0000000083d00000, 0x0000000083e00000, 0x0000000083e00000|100%|HC|  |TAMS 0x0000000083d00000| PB 0x0000000083d00000| Complete |  0
|  32|0x0000000083e00000, 0x0000000083f00000, 0x0000000083f00000|100%|HC|  |TAMS 0x0000000083e00000| PB 0x0000000083e00000| Complete |  0
|  33|0x0000000083f00000, 0x0000000084000000, 0x0000000084000000|100%|HC|  |TAMS 0x0000000083f00000| PB 0x0000000083f00000| Complete |  0
|  34|0x0000000084000000, 0x0000000084100000, 0x0000000084100000|100%|HC|  |TAMS 0x0000000084000000| PB 0x0000000084000000| Complete |  0
|  35|0x0000000084100000, 0x0000000084200000, 0x0000000084200000|100%|HC|  |TAMS 0x0000000084100000| PB 0x0000000084100000| Complete |  0
|  36|0x0000000084200000, 0x0000000084300000, 0x0000000084300000|100%|HC|  |TAMS 0x0000000084200000| PB 0x0000000084200000| Complete |  0
|  37|0x0000000084300000, 0x0000000084400000, 0x0000000084400000|100%|HC|  |TAMS 0x0000000084300000| PB 0x0000000084300000| Complete |  0
|  38|0x0000000084400000, 0x0000000084500000, 0x0000000084500000|100%|HC|  |TAMS 0x0000000084400000| PB 0x0000000084400000| Complete |  0
|  39|0x0000000084500000, 0x0000000084600000, 0x0000000084600000|100%|HC|  |TAMS 0x0000000084500000| PB 0x0000000084500000| Complete |  0
|  40|0x0000000084600000, 0x0000000084700000, 0x0000000084700000|100%|HC|  |TAMS 0x0000000084600000| PB 0x0000000084600000| Complete |  0
|  41|0x0000000084700000, 0x0000000084800000, 0x0000000084800000|100%|HC|  |TAMS 0x0000000084700000| PB 0x0000000084700000| Complete |  0
|  42|0x0000000084800000, 0x0000000084900000, 0x0000000084900000|100%|HC|  |TAMS 0x0000000084800000| PB 0x0000000084800000| Complete |  0
|  43|0x0000000084900000, 0x0000000084a00000, 0x0000000084a00000|100%|HC|  |TAMS 0x0000000084900000| PB 0x0000000084900000| Complete |  0
|  44|0x0000000084a00000, 0x0000000084b00000, 0x0000000084b00000|100%|HC|  |TAMS 0x0000000084a00000| PB 0x0000000084a00000| Complete |  0
|  45|0x0000000084b00000, 0x0000000084c00000, 0x0000000084c00000|100%|HS|  |TAMS 0x0000000084b00000| PB 0x0000000084b00000| Complete |  0
|  46|0x0000000084c00000, 0x0000000084d00000, 0x0000000084d00000|100%|HC|  |TAMS 0x0000000084c00000| PB 0x0000000084c00000| Complete |  0
|  47|0x0000000084d00000, 0x0000000084e00000, 0x0000000084e00000|100%|HS|  |TAMS 0x0000000084d00000| PB 0x0000000084d00000| Complete |  0
|  48|0x0000000084e00000, 0x0000000084f00000, 0x0000000084f00000|100%|HC|  |TAMS 0x0000000084e00000| PB 0x0000000084e00000| Complete |  0
|  49|0x0000000084f00000, 0x0000000085000000, 0x0000000085000000|100%|HS|  |TAMS 0x0000000084f00000| PB 0x0000000084f00000| Complete |  0
|  50|0x0000000085000000, 0x0000000085100000, 0x0000000085100000|100%|HC|  |TAMS 0x0000000085000000| PB 0x0000000085000000| Complete |  0
|  51|0x0000000085100000, 0x0000000085200000, 0x0000000085200000|100%|HC|  |TAMS 0x0000000085100000| PB 0x0000000085100000| Complete |  0
|  52|0x0000000085200000, 0x0000000085300000, 0x0000000085300000|100%|HC|  |TAMS 0x0000000085200000| PB 0x0000000085200000| Complete |  0
|  53|0x0000000085300000, 0x0000000085400000, 0x0000000085400000|100%|HC|  |TAMS 0x0000000085300000| PB 0x0000000085300000| Complete |  0
|  54|0x0000000085400000, 0x0000000085500000, 0x0000000085500000|100%|HC|  |TAMS 0x0000000085400000| PB 0x0000000085400000| Complete |  0
|  55|0x0000000085500000, 0x0000000085600000, 0x0000000085600000|100%|HC|  |TAMS 0x0000000085500000| PB 0x0000000085500000| Complete |  0
|  56|0x0000000085600000, 0x0000000085700000, 0x0000000085700000|100%|HC|  |TAMS 0x0000000085600000| PB 0x0000000085600000| Complete |  0
|  57|0x0000000085700000, 0x0000000085800000, 0x0000000085800000|100%| O|  |TAMS 0x0000000085700000| PB 0x0000000085700000| Untracked |  0
|  58|0x0000000085800000, 0x0000000085900000, 0x0000000085900000|100%| O|  |TAMS 0x0000000085800000| PB 0x0000000085800000| Untracked |  0
|  59|0x0000000085900000, 0x0000000085a00000, 0x0000000085a00000|100%| O|  |TAMS 0x0000000085900000| PB 0x0000000085900000| Untracked |  0
|  60|0x0000000085a00000, 0x0000000085b00000, 0x0000000085b00000|100%| O|  |TAMS 0x0000000085a00000| PB 0x0000000085a00000| Untracked |  0
|  61|0x0000000085b00000, 0x0000000085c00000, 0x0000000085c00000|100%| O|  |TAMS 0x0000000085b00000| PB 0x0000000085b00000| Untracked |  0
|  62|0x0000000085c00000, 0x0000000085d00000, 0x0000000085d00000|100%| O|  |TAMS 0x0000000085c00000| PB 0x0000000085c00000| Untracked |  0
|  63|0x0000000085d00000, 0x0000000085e00000, 0x0000000085e00000|100%|HS|  |TAMS 0x0000000085d00000| PB 0x0000000085d00000| Complete |  0
|  64|0x0000000085e00000, 0x0000000085f00000, 0x0000000085f00000|100%|HC|  |TAMS 0x0000000085e00000| PB 0x0000000085e00000| Complete |  0
|  65|0x0000000085f00000, 0x0000000086000000, 0x0000000086000000|100%| O|  |TAMS 0x0000000085f00000| PB 0x0000000085f00000| Untracked |  0
|  66|0x0000000086000000, 0x0000000086100000, 0x0000000086100000|100%|HS|  |TAMS 0x0000000086000000| PB 0x0000000086000000| Complete |  0
|  67|0x0000000086100000, 0x0000000086200000, 0x0000000086200000|100%|HC|  |TAMS 0x0000000086100000| PB 0x0000000086100000| Complete |  0
|  68|0x0000000086200000, 0x0000000086300000, 0x0000000086300000|100%| O|  |TAMS 0x0000000086200000| PB 0x0000000086200000| Untracked |  0
|  69|0x0000000086300000, 0x0000000086400000, 0x0000000086400000|100%| O|  |TAMS 0x0000000086300000| PB 0x0000000086300000| Untracked |  0
|  70|0x0000000086400000, 0x0000000086500000, 0x0000000086500000|100%| O|  |TAMS 0x0000000086400000| PB 0x0000000086400000| Untracked |  0
|  71|0x0000000086500000, 0x0000000086600000, 0x0000000086600000|100%| O|  |TAMS 0x0000000086500000| PB 0x0000000086500000| Untracked |  0
|  72|0x0000000086600000, 0x0000000086700000, 0x0000000086700000|100%| O|Cm|TAMS 0x0000000086600000| PB 0x0000000086600000| Complete |  0
|  73|0x0000000086700000, 0x0000000086800000, 0x0000000086800000|100%| O|  |TAMS 0x0000000086700000| PB 0x0000000086700000| Untracked |  0
|  74|0x0000000086800000, 0x0000000086900000, 0x0000000086900000|100%| O|  |TAMS 0x0000000086800000| PB 0x0000000086800000| Untracked |  1
|  75|0x0000000086900000, 0x0000000086a00000, 0x0000000086a00000|100%| O|  |TAMS 0x0000000086900000| PB 0x0000000086900000| Untracked |  0
|  76|0x0000000086a00000, 0x0000000086b00000, 0x0000000086b00000|100%|HS|  |TAMS 0x0000000086a00000| PB 0x0000000086a00000| Complete |  0
|  77|0x0000000086b00000, 0x0000000086c00000, 0x0000000086c00000|100%|HC|  |TAMS 0x0000000086b00000| PB 0x0000000086b00000| Complete |  0
|  78|0x0000000086c00000, 0x0000000086d00000, 0x0000000086d00000|100%|HC|  |TAMS 0x0000000086c00000| PB 0x0000000086c00000| Complete |  0
|  79|0x0000000086d00000, 0x0000000086e00000, 0x0000000086e00000|100%|HS|  |TAMS 0x0000000086d00000| PB 0x0000000086d00000| Complete |  0
|  80|0x0000000086e00000, 0x0000000086f00000, 0x0000000086f00000|100%|HC|  |TAMS 0x0000000086e00000| PB 0x0000000086e00000| Complete |  0
|  81|0x0000000086f00000, 0x0000000087000000, 0x0000000087000000|100%|HS|  |TAMS 0x0000000086f00000| PB 0x0000000086f00000| Complete |  0
|  82|0x0000000087000000, 0x0000000087100000, 0x0000000087100000|100%|HC|  |TAMS 0x0000000087000000| PB 0x0000000087000000| Complete |  0
|  83|0x0000000087100000, 0x0000000087200000, 0x0000000087200000|100%|HC|  |TAMS 0x0000000087100000| PB 0x0000000087100000| Complete |  0
|  84|0x0000000087200000, 0x0000000087300000, 0x0000000087300000|100%|HC|  |TAMS 0x0000000087200000| PB 0x0000000087200000| Complete |  0
|  85|0x0000000087300000, 0x0000000087400000, 0x0000000087400000|100%|HC|  |TAMS 0x0000000087300000| PB 0x0000000087300000| Complete |  0
|  86|0x0000000087400000, 0x0000000087500000, 0x0000000087500000|100%|HC|  |TAMS 0x0000000087400000| PB 0x0000000087400000| Complete |  0
|  87|0x0000000087500000, 0x0000000087600000, 0x0000000087600000|100%|HC|  |TAMS 0x0000000087500000| PB 0x0000000087500000| Complete |  0
|  88|0x0000000087600000, 0x0000000087700000, 0x0000000087700000|100%|HC|  |TAMS 0x0000000087600000| PB 0x0000000087600000| Complete |  0
|  89|0x0000000087700000, 0x0000000087800000, 0x0000000087800000|100%|HC|  |TAMS 0x0000000087700000| PB 0x0000000087700000| Complete |  0
|  90|0x0000000087800000, 0x0000000087900000, 0x0000000087900000|100%|HC|  |TAMS 0x0000000087800000| PB 0x0000000087800000| Complete |  0
|  91|0x0000000087900000, 0x0000000087a00000, 0x0000000087a00000|100%|HC|  |TAMS 0x0000000087900000| PB 0x0000000087900000| Complete |  0
|  92|0x0000000087a00000, 0x0000000087b00000, 0x0000000087b00000|100%|HC|  |TAMS 0x0000000087a00000| PB 0x0000000087a00000| Complete |  0
|  93|0x0000000087b00000, 0x0000000087c00000, 0x0000000087c00000|100%| O|  |TAMS 0x0000000087b00000| PB 0x0000000087b00000| Untracked |  0
|  94|0x0000000087c00000, 0x0000000087c33630, 0x0000000087d00000| 20%| O|  |TAMS 0x0000000087c00000| PB 0x0000000087c00000| Untracked |  1
|  95|0x0000000087d00000, 0x0000000087e00000, 0x0000000087e00000|100%|HS|  |TAMS 0x0000000087d00000| PB 0x0000000087d00000| Complete |  0
|  96|0x0000000087e00000, 0x0000000087f00000, 0x0000000087f00000|100%|HC|  |TAMS 0x0000000087e00000| PB 0x0000000087e00000| Complete |  0
|  97|0x0000000087f00000, 0x0000000088000000, 0x0000000088000000|100%|HC|  |TAMS 0x0000000087f00000| PB 0x0000000087f00000| Complete |  0
|  98|0x0000000088000000, 0x0000000088100000, 0x0000000088100000|100%|HC|  |TAMS 0x0000000088000000| PB 0x0000000088000000| Complete |  0
|  99|0x0000000088100000, 0x0000000088200000, 0x0000000088200000|100%|HC|  |TAMS 0x0000000088100000| PB 0x0000000088100000| Complete |  0
| 100|0x0000000088200000, 0x0000000088300000, 0x0000000088300000|100%|HC|  |TAMS 0x0000000088200000| PB 0x0000000088200000| Complete |  0
| 101|0x0000000088300000, 0x0000000088400000, 0x0000000088400000|100%|HC|  |TAMS 0x0000000088300000| PB 0x0000000088300000| Complete |  0
| 102|0x0000000088400000, 0x0000000088500000, 0x0000000088500000|100%|HC|  |TAMS 0x0000000088400000| PB 0x0000000088400000| Complete |  0
| 103|0x0000000088500000, 0x0000000088600000, 0x0000000088600000|100%|HC|  |TAMS 0x0000000088500000| PB 0x0000000088500000| Complete |  0
| 104|0x0000000088600000, 0x0000000088700000, 0x0000000088700000|100%|HC|  |TAMS 0x0000000088600000| PB 0x0000000088600000| Complete |  0
| 105|0x0000000088700000, 0x0000000088800000, 0x0000000088800000|100%|HC|  |TAMS 0x0000000088700000| PB 0x0000000088700000| Complete |  0
| 106|0x0000000088800000, 0x0000000088900000, 0x0000000088900000|100%|HC|  |TAMS 0x0000000088800000| PB 0x0000000088800000| Complete |  0
| 107|0x0000000088900000, 0x0000000088a00000, 0x0000000088a00000|100%|HC|  |TAMS 0x0000000088900000| PB 0x0000000088900000| Complete |  0
| 108|0x0000000088a00000, 0x0000000088b00000, 0x0000000088b00000|100%|HC|  |TAMS 0x0000000088a00000| PB 0x0000000088a00000| Complete |  0
| 109|0x0000000088b00000, 0x0000000088b00000, 0x0000000088c00000|  0%| F|  |TAMS 0x0000000088b00000| PB 0x0000000088b00000| Untracked |  0
| 110|0x0000000088c00000, 0x0000000088c00000, 0x0000000088d00000|  0%| F|  |TAMS 0x0000000088c00000| PB 0x0000000088c00000| Untracked |  0
| 111|0x0000000088d00000, 0x0000000088d00000, 0x0000000088e00000|  0%| F|  |TAMS 0x0000000088d00000| PB 0x0000000088d00000| Untracked |  0
| 112|0x0000000088e00000, 0x0000000088e00000, 0x0000000088f00000|  0%| F|  |TAMS 0x0000000088e00000| PB 0x0000000088e00000| Untracked |  0
| 113|0x0000000088f00000, 0x0000000088f00000, 0x0000000089000000|  0%| F|  |TAMS 0x0000000088f00000| PB 0x0000000088f00000| Untracked |  0
| 114|0x0000000089000000, 0x0000000089000000, 0x0000000089100000|  0%| F|  |TAMS 0x0000000089000000| PB 0x0000000089000000| Untracked |  0
| 115|0x0000000089100000, 0x0000000089100000, 0x0000000089200000|  0%| F|  |TAMS 0x0000000089100000| PB 0x0000000089100000| Untracked |  0
| 116|0x0000000089200000, 0x0000000089200000, 0x0000000089300000|  0%| F|  |TAMS 0x0000000089200000| PB 0x0000000089200000| Untracked |  0
| 117|0x0000000089300000, 0x0000000089300000, 0x0000000089400000|  0%| F|  |TAMS 0x0000000089300000| PB 0x0000000089300000| Untracked |  0
| 118|0x0000000089400000, 0x0000000089465310, 0x0000000089500000| 39%| E|  |TAMS 0x0000000089400000| PB 0x0000000089400000| Complete |  0
| 119|0x0000000089500000, 0x0000000089600000, 0x0000000089600000|100%| E|CS|TAMS 0x0000000089500000| PB 0x0000000089500000| Complete |  0
| 120|0x0000000089600000, 0x0000000089700000, 0x0000000089700000|100%| E|CS|TAMS 0x0000000089600000| PB 0x0000000089600000| Complete |  0
| 121|0x0000000089700000, 0x0000000089800000, 0x0000000089800000|100%| E|CS|TAMS 0x0000000089700000| PB 0x0000000089700000| Complete |  0
| 122|0x0000000089800000, 0x0000000089900000, 0x0000000089900000|100%| E|CS|TAMS 0x0000000089800000| PB 0x0000000089800000| Complete |  0
| 123|0x0000000089900000, 0x0000000089a00000, 0x0000000089a00000|100%| E|CS|TAMS 0x0000000089900000| PB 0x0000000089900000| Complete |  0
| 124|0x0000000089a00000, 0x0000000089b00000, 0x0000000089b00000|100%| S|CS|TAMS 0x0000000089a00000| PB 0x0000000089a00000| Complete |  0
| 125|0x0000000089b00000, 0x0000000089c00000, 0x0000000089c00000|100%| E|CS|TAMS 0x0000000089b00000| PB 0x0000000089b00000| Complete |  0
| 126|0x0000000089c00000, 0x0000000089d00000, 0x0000000089d00000|100%| E|CS|TAMS 0x0000000089c00000| PB 0x0000000089c00000| Complete |  0
| 127|0x0000000089d00000, 0x0000000089e00000, 0x0000000089e00000|100%| E|CS|TAMS 0x0000000089d00000| PB 0x0000000089d00000| Complete |  0
| 128|0x0000000089e00000, 0x0000000089f00000, 0x0000000089f00000|100%| E|CS|TAMS 0x0000000089e00000| PB 0x0000000089e00000| Complete |  0
| 129|0x0000000089f00000, 0x000000008a000000, 0x000000008a000000|100%| E|CS|TAMS 0x0000000089f00000| PB 0x0000000089f00000| Complete |  0
| 130|0x000000008a000000, 0x000000008a100000, 0x000000008a100000|100%| E|CS|TAMS 0x000000008a000000| PB 0x000000008a000000| Complete |  0
| 131|0x000000008a100000, 0x000000008a200000, 0x000000008a200000|100%| E|CS|TAMS 0x000000008a100000| PB 0x000000008a100000| Complete |  0
| 132|0x000000008a200000, 0x000000008a300000, 0x000000008a300000|100%| E|CS|TAMS 0x000000008a200000| PB 0x000000008a200000| Complete |  0
| 133|0x000000008a300000, 0x000000008a400000, 0x000000008a400000|100%| E|CS|TAMS 0x000000008a300000| PB 0x000000008a300000| Complete |  0
| 134|0x000000008a400000, 0x000000008a500000, 0x000000008a500000|100%| E|CS|TAMS 0x000000008a400000| PB 0x000000008a400000| Complete |  0
| 135|0x000000008a500000, 0x000000008a600000, 0x000000008a600000|100%| E|CS|TAMS 0x000000008a500000| PB 0x000000008a500000| Complete |  0
| 136|0x000000008a600000, 0x000000008a700000, 0x000000008a700000|100%| E|CS|TAMS 0x000000008a600000| PB 0x000000008a600000| Complete |  0
| 137|0x000000008a700000, 0x000000008a800000, 0x000000008a800000|100%| E|CS|TAMS 0x000000008a700000| PB 0x000000008a700000| Complete |  0
| 138|0x000000008a800000, 0x000000008a900000, 0x000000008a900000|100%| E|CS|TAMS 0x000000008a800000| PB 0x000000008a800000| Complete |  0
| 139|0x000000008a900000, 0x000000008aa00000, 0x000000008aa00000|100%| E|  |TAMS 0x000000008a900000| PB 0x000000008a900000| Complete |  0
| 140|0x000000008aa00000, 0x000000008ab00000, 0x000000008ab00000|100%| E|CS|TAMS 0x000000008aa00000| PB 0x000000008aa00000| Complete |  0
| 141|0x000000008ab00000, 0x000000008ac00000, 0x000000008ac00000|100%| E|CS|TAMS 0x000000008ab00000| PB 0x000000008ab00000| Complete |  0
| 142|0x000000008ac00000, 0x000000008ad00000, 0x000000008ad00000|100%| E|CS|TAMS 0x000000008ac00000| PB 0x000000008ac00000| Complete |  0
| 143|0x000000008ad00000, 0x000000008ae00000, 0x000000008ae00000|100%| E|CS|TAMS 0x000000008ad00000| PB 0x000000008ad00000| Complete |  0
| 144|0x000000008ae00000, 0x000000008af00000, 0x000000008af00000|100%| E|CS|TAMS 0x000000008ae00000| PB 0x000000008ae00000| Complete |  0
| 145|0x000000008af00000, 0x000000008b000000, 0x000000008b000000|100%| E|CS|TAMS 0x000000008af00000| PB 0x000000008af00000| Complete |  0
| 146|0x000000008b000000, 0x000000008b100000, 0x000000008b100000|100%| E|CS|TAMS 0x000000008b000000| PB 0x000000008b000000| Complete |  1
| 147|0x000000008b100000, 0x000000008b200000, 0x000000008b200000|100%| E|CS|TAMS 0x000000008b100000| PB 0x000000008b100000| Complete |  0
| 148|0x000000008b200000, 0x000000008b300000, 0x000000008b300000|100%| E|CS|TAMS 0x000000008b200000| PB 0x000000008b200000| Complete |  0
| 149|0x000000008b300000, 0x000000008b400000, 0x000000008b400000|100%| E|CS|TAMS 0x000000008b300000| PB 0x000000008b300000| Complete |  0
| 150|0x000000008b400000, 0x000000008b500000, 0x000000008b500000|100%| E|CS|TAMS 0x000000008b400000| PB 0x000000008b400000| Complete |  0
| 151|0x000000008b500000, 0x000000008b600000, 0x000000008b600000|100%| E|CS|TAMS 0x000000008b500000| PB 0x000000008b500000| Complete |  0
| 152|0x000000008b600000, 0x000000008b700000, 0x000000008b700000|100%| E|CS|TAMS 0x000000008b600000| PB 0x000000008b600000| Complete |  0
| 153|0x000000008b700000, 0x000000008b800000, 0x000000008b800000|100%| E|CS|TAMS 0x000000008b700000| PB 0x000000008b700000| Complete |  1
| 154|0x000000008b800000, 0x000000008b900000, 0x000000008b900000|100%| E|CS|TAMS 0x000000008b800000| PB 0x000000008b800000| Complete |  0
| 155|0x000000008b900000, 0x000000008ba00000, 0x000000008ba00000|100%| E|CS|TAMS 0x000000008b900000| PB 0x000000008b900000| Complete |  0
| 156|0x000000008ba00000, 0x000000008bb00000, 0x000000008bb00000|100%| E|CS|TAMS 0x000000008ba00000| PB 0x000000008ba00000| Complete |  0
| 157|0x000000008bb00000, 0x000000008bc00000, 0x000000008bc00000|100%| E|CS|TAMS 0x000000008bb00000| PB 0x000000008bb00000| Complete |  0
| 158|0x000000008bc00000, 0x000000008bd00000, 0x000000008bd00000|100%| E|CS|TAMS 0x000000008bc00000| PB 0x000000008bc00000| Complete |  0
| 159|0x000000008bd00000, 0x000000008be00000, 0x000000008be00000|100%| E|CS|TAMS 0x000000008bd00000| PB 0x000000008bd00000| Complete |  0
| 160|0x000000008be00000, 0x000000008bf00000, 0x000000008bf00000|100%| E|CS|TAMS 0x000000008be00000| PB 0x000000008be00000| Complete |  0
|2012|0x00000000ffa00000, 0x00000000ffb00000, 0x00000000ffb00000|100%| O|Cm|TAMS 0x00000000ffa00000| PB 0x00000000ffa00000| Complete |  0
|2013|0x00000000ffb00000, 0x00000000ffc00000, 0x00000000ffc00000|100%| O|  |TAMS 0x00000000ffb00000| PB 0x00000000ffb00000| Untracked |  0
|2014|0x00000000ffc00000, 0x00000000ffd00000, 0x00000000ffd00000|100%| O|  |TAMS 0x00000000ffc00000| PB 0x00000000ffc00000| Untracked |  0
|2015|0x00000000ffd00000, 0x00000000ffe00000, 0x00000000ffe00000|100%| O|  |TAMS 0x00000000ffd00000| PB 0x00000000ffd00000| Untracked |  0
|2016|0x00000000ffe00000, 0x00000000fff00000, 0x00000000fff00000|100%| O|  |TAMS 0x00000000ffe00000| PB 0x00000000ffe00000| Untracked |  0
|2017|0x00000000fff00000, 0x0000000100000000, 0x0000000100000000|100%| O|  |TAMS 0x00000000fff00000| PB 0x00000000fff00000| Untracked |  0

Card table byte_map: [0x0000021e1e370000,0x0000021e1e770000] _byte_map_base: 0x0000021e1df61000

Marking Bits: (CMBitMap*) 0x0000021e06c691d0
 Bits: [0x0000021e1e770000, 0x0000021e206f8000)

Polling page: 0x0000021e04c00000

Metaspace:

Usage:
  Non-class:     23.75 MB used.
      Class:      2.96 MB used.
       Both:     26.71 MB used.

Virtual space:
  Non-class space:       64.00 MB reserved,      24.06 MB ( 38%) committed,  1 nodes.
      Class space:        1.00 GB reserved,       3.25 MB ( <1%) committed,  1 nodes.
             Both:        1.06 GB reserved,      27.31 MB (  3%) committed. 

Chunk freelists:
   Non-Class:  7.00 MB
       Class:  12.58 MB
        Both:  19.58 MB

MaxMetaspaceSize: unlimited
CompressedClassSpaceSize: 1.00 GB
Initial GC threshold: 21.00 MB
Current GC threshold: 44.38 MB
CDS: on
 - commit_granule_bytes: 65536.
 - commit_granule_words: 8192.
 - virtual_space_node_default_size: 8388608.
 - enlarge_chunks_in_place: 1.
 - use_allocation_guard: 0.


Internal statistics:

num_allocs_failed_limit: 3.
num_arena_births: 832.
num_arena_deaths: 0.
num_vsnodes_births: 2.
num_vsnodes_deaths: 0.
num_space_committed: 437.
num_space_uncommitted: 0.
num_chunks_returned_to_freelist: 3.
num_chunks_taken_from_freelist: 1181.
num_chunk_merges: 0.
num_chunk_splits: 721.
num_chunks_enlarged: 333.
num_inconsistent_stats: 0.

CodeHeap 'non-profiled nmethods': size=120000Kb used=2689Kb max_used=2689Kb free=117310Kb
 bounds [0x0000021e16a40000, 0x0000021e16cf0000, 0x0000021e1df70000]
CodeHeap 'profiled nmethods': size=120000Kb used=9294Kb max_used=10173Kb free=110705Kb
 bounds [0x0000021e0ef70000, 0x0000021e0f960000, 0x0000021e164a0000]
CodeHeap 'non-nmethods': size=5760Kb used=1945Kb max_used=2013Kb free=3814Kb
 bounds [0x0000021e164a0000, 0x0000021e16710000, 0x0000021e16a40000]
 total_blobs=5981 nmethods=5053 adapters=817
 compilation: enabled
              stopped_count=0, restarted_count=0
 full_count=0

Compilation events (20 events):
Event: 38.038 Thread 0x0000021e22be8ff0 5880       2       javax.swing.JComponent::isOpaque (6 bytes)
Event: 38.038 Thread 0x0000021e22be8ff0 nmethod 5880 0x0000021e0f7e6e90 code [0x0000021e0f7e7020, 0x0000021e0f7e7140]
Event: 38.039 Thread 0x0000021e22be8ff0 5881       2       sun.java2d.SurfaceData::getTextPipe (120 bytes)
Event: 38.039 Thread 0x0000021e22be8ff0 nmethod 5881 0x0000021e0f809910 code [0x0000021e0f809b00, 0x0000021e0f809e38]
Event: 38.040 Thread 0x0000021e22be8ff0 5882       2       sun.java2d.SurfaceData::canRenderParallelograms (137 bytes)
Event: 38.041 Thread 0x0000021e22be8ff0 nmethod 5882 0x0000021e0f8fd410 code [0x0000021e0f8fd5e0, 0x0000021e0f8fd8d8]
Event: 38.047 Thread 0x0000021e22be8ff0 5883       2       sun.java2d.SunGraphics2D::getRenderingHint (220 bytes)
Event: 38.048 Thread 0x0000021e22be8ff0 nmethod 5883 0x0000021e0f908c90 code [0x0000021e0f908f20, 0x0000021e0f9096d0]
Event: 38.055 Thread 0x0000021e22be8ff0 5884       2       sun.java2d.pipe.Region::getIntersectionXYXY (57 bytes)
Event: 38.055 Thread 0x0000021e22be8ff0 nmethod 5884 0x0000021e0f914490 code [0x0000021e0f914660, 0x0000021e0f914960]
Event: 38.055 Thread 0x0000021e22be8ff0 5885       2       sun.java2d.SunGraphics2D::getFont (19 bytes)
Event: 38.055 Thread 0x0000021e22be8ff0 nmethod 5885 0x0000021e0f78df90 code [0x0000021e0f78e120, 0x0000021e0f78e2a0]
Event: 38.056 Thread 0x0000021e69cc3630 nmethod 5833 0x0000021e16cd7290 code [0x0000021e16cd7520, 0x0000021e16cd80d8]
Event: 38.056 Thread 0x0000021e22be8ff0 5886       2       java.awt.geom.RectangularShape::setFrame (21 bytes)
Event: 38.056 Thread 0x0000021e69cc3630 5828       4       java.awt.geom.Path2D$Iterator::next (35 bytes)
Event: 38.056 Thread 0x0000021e22be8ff0 nmethod 5886 0x0000021e0f7f6f90 code [0x0000021e0f7f7180, 0x0000021e0f7f73b8]
Event: 38.056 Thread 0x0000021e22be8ff0 5887       1       javax.swing.JLabel::getIcon (5 bytes)
Event: 38.056 Thread 0x0000021e22be8ff0 nmethod 5887 0x0000021e16cd8890 code [0x0000021e16cd8a20, 0x0000021e16cd8af0]
Event: 38.058 Thread 0x0000021e69cc3630 nmethod 5828 0x0000021e16cd8b90 code [0x0000021e16cd8d20, 0x0000021e16cd8e48]
Event: 38.058 Thread 0x0000021e69cc3630 5837       4       sun.font.StandardGlyphVector::getGlyphVisualBounds (97 bytes)

GC Heap History (16 events):
Event: 5.918 GC heap before
{Heap before GC invocations=0 (full 0):
 garbage-first heap   total reserved 2066432K, committed 131072K, used 24576K [0x0000000081e00000, 0x0000000100000000)
  region size 1024K, 14 young (14336K), 0 survivors (0K)
 Metaspace       used 8102K, committed 8320K, reserved 1114112K
  class space    used 919K, committed 1024K, reserved 1048576K
}
Event: 5.926 GC heap after
{Heap after GC invocations=1 (full 0):
 garbage-first heap   total reserved 2066432K, committed 131072K, used 13408K [0x0000000081e00000, 0x0000000100000000)
  region size 1024K, 2 young (2048K), 2 survivors (2048K)
 Metaspace       used 8102K, committed 8320K, reserved 1114112K
  class space    used 919K, committed 1024K, reserved 1048576K
}
Event: 20.843 GC heap before
{Heap before GC invocations=1 (full 0):
 garbage-first heap   total reserved 2066432K, committed 131072K, used 34912K [0x0000000081e00000, 0x0000000100000000)
  region size 1024K, 20 young (20480K), 2 survivors (2048K)
 Metaspace       used 17342K, committed 17664K, reserved 1114112K
  class space    used 1966K, committed 2112K, reserved 1048576K
}
Event: 20.857 GC heap after
{Heap after GC invocations=2 (full 0):
 garbage-first heap   total reserved 2066432K, committed 131072K, used 20559K [0x0000000081e00000, 0x0000000100000000)
  region size 1024K, 3 young (3072K), 3 survivors (3072K)
 Metaspace       used 17342K, committed 17664K, reserved 1114112K
  class space    used 1966K, committed 2112K, reserved 1048576K
}
Event: 31.683 GC heap before
{Heap before GC invocations=2 (full 0):
 garbage-first heap   total reserved 2066432K, committed 131072K, used 108623K [0x0000000081e00000, 0x0000000100000000)
  region size 1024K, 52 young (53248K), 3 survivors (3072K)
 Metaspace       used 21261K, committed 21504K, reserved 1114112K
  class space    used 2375K, committed 2496K, reserved 1048576K
}
Event: 31.691 GC heap after
{Heap after GC invocations=3 (full 0):
 garbage-first heap   total reserved 2066432K, committed 131072K, used 64208K [0x0000000081e00000, 0x0000000100000000)
  region size 1024K, 7 young (7168K), 7 survivors (7168K)
 Metaspace       used 21261K, committed 21504K, reserved 1114112K
  class space    used 2375K, committed 2496K, reserved 1048576K
}
Event: 33.498 GC heap before
{Heap before GC invocations=4 (full 0):
 garbage-first heap   total reserved 2066432K, committed 131072K, used 111312K [0x0000000081e00000, 0x0000000100000000)
  region size 1024K, 57 young (58368K), 7 survivors (7168K)
 Metaspace       used 26466K, committed 27136K, reserved 1114112K
  class space    used 2989K, committed 3264K, reserved 1048576K
}
Event: 33.518 GC heap after
{Heap after GC invocations=5 (full 0):
 garbage-first heap   total reserved 2066432K, committed 131072K, used 66714K [0x0000000081e00000, 0x0000000100000000)
  region size 1024K, 8 young (8192K), 8 survivors (8192K)
 Metaspace       used 26466K, committed 27136K, reserved 1114112K
  class space    used 2989K, committed 3264K, reserved 1048576K
}
Event: 33.937 GC heap before
{Heap before GC invocations=5 (full 0):
 garbage-first heap   total reserved 2066432K, committed 131072K, used 113818K [0x0000000081e00000, 0x0000000100000000)
  region size 1024K, 55 young (56320K), 8 survivors (8192K)
 Metaspace       used 26619K, committed 27264K, reserved 1114112K
  class space    used 2994K, committed 3264K, reserved 1048576K
}
Event: 33.952 GC heap after
{Heap after GC invocations=6 (full 0):
 garbage-first heap   total reserved 2066432K, committed 131072K, used 73609K [0x0000000081e00000, 0x0000000100000000)
  region size 1024K, 7 young (7168K), 7 survivors (7168K)
 Metaspace       used 26619K, committed 27264K, reserved 1114112K
  class space    used 2994K, committed 3264K, reserved 1048576K
}
Event: 34.262 GC heap before
{Heap before GC invocations=7 (full 0):
 garbage-first heap   total reserved 2066432K, committed 131072K, used 127881K [0x0000000081e00000, 0x0000000100000000)
  region size 1024K, 47 young (48128K), 7 survivors (7168K)
 Metaspace       used 26619K, committed 27264K, reserved 1114112K
  class space    used 2994K, committed 3264K, reserved 1048576K
}
Event: 34.275 GC heap after
{Heap after GC invocations=8 (full 0):
 garbage-first heap   total reserved 2066432K, committed 140288K, used 91979K [0x0000000081e00000, 0x0000000100000000)
  region size 1024K, 4 young (4096K), 4 survivors (4096K)
 Metaspace       used 26619K, committed 27264K, reserved 1114112K
  class space    used 2994K, committed 3264K, reserved 1048576K
}
Event: 34.776 GC heap before
{Heap before GC invocations=8 (full 0):
 garbage-first heap   total reserved 2066432K, committed 140288K, used 128843K [0x0000000081e00000, 0x0000000100000000)
  region size 1024K, 39 young (39936K), 4 survivors (4096K)
 Metaspace       used 26702K, committed 27328K, reserved 1114112K
  class space    used 2996K, committed 3264K, reserved 1048576K
}
Event: 34.784 GC heap after
{Heap after GC invocations=9 (full 0):
 garbage-first heap   total reserved 2066432K, committed 140288K, used 97754K [0x0000000081e00000, 0x0000000100000000)
  region size 1024K, 5 young (5120K), 5 survivors (5120K)
 Metaspace       used 26702K, committed 27328K, reserved 1114112K
  class space    used 2996K, committed 3264K, reserved 1048576K
}
Event: 34.993 GC heap before
{Heap before GC invocations=9 (full 0):
 garbage-first heap   total reserved 2066432K, committed 140288K, used 102874K [0x0000000081e00000, 0x0000000100000000)
  region size 1024K, 11 young (11264K), 5 survivors (5120K)
 Metaspace       used 26779K, committed 27392K, reserved 1114112K
  class space    used 3000K, committed 3264K, reserved 1048576K
}
Event: 35.000 GC heap after
{Heap after GC invocations=10 (full 0):
 garbage-first heap   total reserved 2066432K, committed 168960K, used 98509K [0x0000000081e00000, 0x0000000100000000)
  region size 1024K, 1 young (1024K), 1 survivors (1024K)
 Metaspace       used 26779K, committed 27392K, reserved 1114112K
  class space    used 3000K, committed 3264K, reserved 1048576K
}

Dll operation events (14 events):
Event: 0.017 Loaded shared library C:\Program Files\Java\jdk-22\bin\java.dll
Event: 0.074 Loaded shared library C:\Program Files\Java\jdk-22\bin\jsvml.dll
Event: 0.124 Loaded shared library C:\Program Files\Java\jdk-22\bin\net.dll
Event: 0.126 Loaded shared library C:\Program Files\Java\jdk-22\bin\nio.dll
Event: 0.160 Loaded shared library C:\Program Files\Java\jdk-22\bin\zip.dll
Event: 0.176 Loaded shared library C:\Program Files\Java\jdk-22\bin\jimage.dll
Event: 0.196 Loaded shared library C:\Program Files\Java\jdk-22\bin\awt.dll
Event: 0.699 Loaded shared library C:\Program Files\Java\jdk-22\bin\freetype.dll
Event: 0.700 Loaded shared library C:\Program Files\Java\jdk-22\bin\fontmanager.dll
Event: 5.876 Loaded shared library C:\Program Files\Java\jdk-22\bin\javajpeg.dll
Event: 20.178 Loaded shared library C:\Program Files\Java\jdk-22\bin\extnet.dll
Event: 20.453 Loaded shared library C:\Program Files\Java\jdk-22\bin\sunmscapi.dll
Event: 32.416 Loaded shared library C:\Windows\System32\ucrtbase.dll
Event: 32.418 Loaded shared library C:\Program Files\Java\jdk-22\bin\syslookup.dll

Deoptimization events (20 events):
Event: 37.961 Thread 0x0000021e69dee700 DEOPT PACKING pc=0x0000021e0f0cf7a9 sp=0x000000461aafc9c0
Event: 37.961 Thread 0x0000021e69dee700 DEOPT UNPACKING pc=0x0000021e164f4e42 sp=0x000000461aafbe58 mode 0
Event: 37.965 Thread 0x0000021e69dee700 DEOPT PACKING pc=0x0000021e0f0cf7a9 sp=0x000000461aafcd00
Event: 37.965 Thread 0x0000021e69dee700 DEOPT UNPACKING pc=0x0000021e164f4e42 sp=0x000000461aafc198 mode 0
Event: 37.968 Thread 0x0000021e69dee700 DEOPT PACKING pc=0x0000021e0f0cf7a9 sp=0x000000461aafcd00
Event: 37.968 Thread 0x0000021e69dee700 DEOPT UNPACKING pc=0x0000021e164f4e42 sp=0x000000461aafc198 mode 0
Event: 37.971 Thread 0x0000021e69dee700 DEOPT PACKING pc=0x0000021e0f0cf7a9 sp=0x000000461aafcd00
Event: 37.971 Thread 0x0000021e69dee700 DEOPT UNPACKING pc=0x0000021e164f4e42 sp=0x000000461aafc198 mode 0
Event: 37.973 Thread 0x0000021e69dee700 DEOPT PACKING pc=0x0000021e0f0cf7a9 sp=0x000000461aafcd00
Event: 37.973 Thread 0x0000021e69dee700 DEOPT UNPACKING pc=0x0000021e164f4e42 sp=0x000000461aafc198 mode 0
Event: 37.976 Thread 0x0000021e69dee700 DEOPT PACKING pc=0x0000021e0f0cf7a9 sp=0x000000461aafcd00
Event: 37.976 Thread 0x0000021e69dee700 DEOPT UNPACKING pc=0x0000021e164f4e42 sp=0x000000461aafc198 mode 0
Event: 37.979 Thread 0x0000021e69dee700 DEOPT PACKING pc=0x0000021e0f0cf7a9 sp=0x000000461aafcc80
Event: 37.979 Thread 0x0000021e69dee700 DEOPT UNPACKING pc=0x0000021e164f4e42 sp=0x000000461aafc118 mode 0
Event: 37.980 Thread 0x0000021e69dee700 DEOPT PACKING pc=0x0000021e0f0cf7a9 sp=0x000000461aafcc80
Event: 37.980 Thread 0x0000021e69dee700 DEOPT UNPACKING pc=0x0000021e164f4e42 sp=0x000000461aafc118 mode 0
Event: 37.982 Thread 0x0000021e69dee700 DEOPT PACKING pc=0x0000021e0f0cf7a9 sp=0x000000461aafcd00
Event: 37.982 Thread 0x0000021e69dee700 DEOPT UNPACKING pc=0x0000021e164f4e42 sp=0x000000461aafc198 mode 0
Event: 37.989 Thread 0x0000021e69dee700 DEOPT PACKING pc=0x0000021e0f0cf7a9 sp=0x000000461aafcc80
Event: 37.989 Thread 0x0000021e69dee700 DEOPT UNPACKING pc=0x0000021e164f4e42 sp=0x000000461aafc118 mode 0

Classes loaded (20 events):
Event: 37.268 Loading class sun/java2d/marlin/DPQSSorterContext
Event: 37.268 Loading class sun/java2d/marlin/DPQSSorterContext done
Event: 37.268 Loading class sun/java2d/marlin/DMarlinRenderingEngine$NormMode
Event: 37.268 Loading class sun/java2d/marlin/DMarlinRenderingEngine$NormMode done
Event: 37.268 Loading class sun/java2d/marlin/DMarlinRenderingEngine$NormMode$1
Event: 37.268 Loading class sun/java2d/marlin/DMarlinRenderingEngine$NormMode$1 done
Event: 37.268 Loading class sun/java2d/marlin/DMarlinRenderingEngine$NormMode$2
Event: 37.268 Loading class sun/java2d/marlin/DMarlinRenderingEngine$NormMode$2 done
Event: 37.268 Loading class sun/java2d/marlin/DMarlinRenderingEngine$NormMode$3
Event: 37.269 Loading class sun/java2d/marlin/DMarlinRenderingEngine$NormMode$3 done
Event: 37.269 Loading class java/awt/geom/EllipseIterator
Event: 37.269 Loading class java/awt/geom/EllipseIterator done
Event: 37.269 Loading class sun/java2d/marlin/Helpers
Event: 37.269 Loading class sun/java2d/marlin/Helpers done
Event: 37.270 Loading class sun/java2d/marlin/ArrayCacheConst
Event: 37.270 Loading class sun/java2d/marlin/ArrayCacheConst done
Event: 37.271 Loading class java/lang/FdLibm$Acos
Event: 37.271 Loading class java/lang/FdLibm$Acos done
Event: 37.271 Loading class java/lang/FdLibm
Event: 37.271 Loading class java/lang/FdLibm done

Classes unloaded (0 events):
No events

Classes redefined (0 events):
No events

Internal exceptions (20 events):
Event: 32.697 Thread 0x0000021e6c88b290 Exception <a 'java/lang/NoSuchMethodError'{0x00000000880f48f8}: 'java.lang.Object java.lang.invoke.DirectMethodHandle$Holder.invokeSpecial(java.lang.Object, java.lang.Object, java.lang.Object, long, long)'> (0x00000000880f48f8) 
thrown [s\open\src\hotspot\share\interpreter\linkResolver.cpp, line 774]
Event: 32.703 Thread 0x0000021e6c88b290 Exception <a 'java/lang/NoSuchMethodError'{0x0000000087f12ac8}: 'int java.lang.invoke.DirectMethodHandle$Holder.invokeStatic(java.lang.Object, java.lang.Object, int, java.lang.Object)'> (0x0000000087f12ac8) 
thrown [s\open\src\hotspot\share\interpreter\linkResolver.cpp, line 774]
Event: 32.704 Thread 0x0000021e6c88b290 Exception <a 'java/lang/NoSuchMethodError'{0x0000000087f168c8}: 'int java.lang.invoke.DirectMethodHandle$Holder.invokeSpecial(java.lang.Object, java.lang.Object, java.lang.Object, int, java.lang.Object)'> (0x0000000087f168c8) 
thrown [s\open\src\hotspot\share\interpreter\linkResolver.cpp, line 774]
Event: 32.704 Thread 0x0000021e6c88b290 Exception <a 'java/lang/NoSuchMethodError'{0x0000000087f1a2b0}: 'int java.lang.invoke.DelegatingMethodHandle$Holder.reinvoke_L(java.lang.Object, java.lang.Object, int, java.lang.Object)'> (0x0000000087f1a2b0) 
thrown [s\open\src\hotspot\share\interpreter\linkResolver.cpp, line 774]
Event: 32.709 Thread 0x0000021e6c88b290 Exception <a 'java/lang/NoSuchMethodError'{0x0000000087f33298}: 'int java.lang.invoke.DelegatingMethodHandle$Holder.reinvoke_L(java.lang.Object, java.lang.Object, int, long)'> (0x0000000087f33298) 
thrown [s\open\src\hotspot\share\interpreter\linkResolver.cpp, line 774]
Event: 32.710 Thread 0x0000021e6c88b290 Exception <a 'java/lang/NoSuchMethodError'{0x0000000087f39f38}: 'int java.lang.invoke.DirectMethodHandle$Holder.invokeSpecial(java.lang.Object, java.lang.Object, int, long)'> (0x0000000087f39f38) 
thrown [s\open\src\hotspot\share\interpreter\linkResolver.cpp, line 774]
Event: 32.710 Thread 0x0000021e6c88b290 Exception <a 'java/lang/NoSuchMethodError'{0x0000000087f3d510}: 'int java.lang.invoke.Invokers$Holder.exactInvoker(java.lang.Object, java.lang.Object, int, long)'> (0x0000000087f3d510) 
thrown [s\open\src\hotspot\share\interpreter\linkResolver.cpp, line 774]
Event: 32.711 Thread 0x0000021e6c88b290 Exception <a 'java/lang/NoSuchMethodError'{0x0000000087f41080}: 'int java.lang.invoke.DelegatingMethodHandle$Holder.delegate(java.lang.Object, java.lang.Object, int, long)'> (0x0000000087f41080) 
thrown [s\open\src\hotspot\share\interpreter\linkResolver.cpp, line 774]
Event: 32.718 Thread 0x0000021e6c88b290 Exception <a 'java/lang/NoSuchMethodError'{0x0000000087f608e0}: 'void java.lang.invoke.DirectMethodHandle$Holder.invokeSpecial(java.lang.Object, java.lang.Object, float, java.lang.Object, java.lang.Object, java.lang.Object, int, int, int, int, int, float, float, int, int, java.lang.Object, java.lang.Object)'> (0x0000000087f608e0) 
thrown [s\open\src\hotspot\share\interpreter\linkResolver.cpp, line 774]
Event: 32.720 Thread 0x0000021e6c88b290 Exception <a 'java/lang/NoSuchMethodError'{0x0000000087f70ba0}: 'int java.lang.invoke.DirectMethodHandle$Holder.invokeSpecial(java.lang.Object, java.lang.Object, int, java.lang.Object)'> (0x0000000087f70ba0) 
thrown [s\open\src\hotspot\share\interpreter\linkResolver.cpp, line 774]
Event: 32.721 Thread 0x0000021e6c88b290 Exception <a 'java/lang/NoSuchMethodError'{0x0000000087f741b8}: 'int java.lang.invoke.Invokers$Holder.invokeExact_MT(java.lang.Object, int, java.lang.Object, java.lang.Object)'> (0x0000000087f741b8) 
thrown [s\open\src\hotspot\share\interpreter\linkResolver.cpp, line 774]
Event: 32.722 Thread 0x0000021e6c88b290 Exception <a 'java/lang/NoSuchMethodError'{0x0000000087f77cd8}: 'java.lang.Object java.lang.invoke.Invokers$Holder.invokeExact_MT(java.lang.Object, long, java.lang.Object)'> (0x0000000087f77cd8) 
thrown [s\open\src\hotspot\share\interpreter\linkResolver.cpp, line 774]
Event: 32.726 Thread 0x0000021e6c88b290 Exception <a 'java/lang/NoSuchMethodError'{0x0000000087f88ad0}: 'java.lang.Object java.lang.invoke.DelegatingMethodHandle$Holder.reinvoke_L(java.lang.Object, long, long, long)'> (0x0000000087f88ad0) 
thrown [s\open\src\hotspot\share\interpreter\linkResolver.cpp, line 774]
Event: 32.728 Thread 0x0000021e6c88b290 Exception <a 'java/lang/NoSuchMethodError'{0x0000000087f9bdf0}: 'java.lang.Object java.lang.invoke.DirectMethodHandle$Holder.invokeStatic(java.lang.Object, java.lang.Object, java.lang.Object, java.lang.Object, long, long)'> (0x0000000087f9bdf0) 
thrown [s\open\src\hotspot\share\interpreter\linkResolver.cpp, line 774]
Event: 32.734 Thread 0x0000021e6c88b290 Exception <a 'java/lang/NoSuchMethodError'{0x0000000087fc51e0}: 'void java.lang.invoke.DelegatingMethodHandle$Holder.reinvoke_L(java.lang.Object, java.lang.Object, java.lang.Object, long, long)'> (0x0000000087fc51e0) 
thrown [s\open\src\hotspot\share\interpreter\linkResolver.cpp, line 774]
Event: 32.738 Thread 0x0000021e6c88b290 Exception <a 'java/lang/NoSuchMethodError'{0x0000000087e007d8}: 'int java.lang.invoke.Invokers$Holder.invokeExact_MT(java.lang.Object, java.lang.Object, java.lang.Object, int, java.lang.Object, java.lang.Object)'> (0x0000000087e007d8) 
thrown [s\open\src\hotspot\share\interpreter\linkResolver.cpp, line 774]
Event: 32.741 Thread 0x0000021e6c88b290 Exception <a 'java/lang/NoSuchMethodError'{0x0000000087e13818}: 'int java.lang.invoke.DelegatingMethodHandle$Holder.reinvoke_L(java.lang.Object, java.lang.Object, java.lang.Object, long)'> (0x0000000087e13818) 
thrown [s\open\src\hotspot\share\interpreter\linkResolver.cpp, line 774]
Event: 32.742 Thread 0x0000021e6c88b290 Exception <a 'java/lang/NoSuchMethodError'{0x0000000087e1b548}: 'void java.lang.invoke.DirectMethodHandle$Holder.invokeSpecial(java.lang.Object, java.lang.Object, java.lang.Object, long)'> (0x0000000087e1b548) 
thrown [s\open\src\hotspot\share\interpreter\linkResolver.cpp, line 774]
Event: 32.745 Thread 0x0000021e6c88b290 Exception <a 'java/lang/NoSuchMethodError'{0x0000000087e38cf0}: 'java.lang.Object java.lang.invoke.DirectMethodHandle$Holder.invokeStatic(java.lang.Object, java.lang.Object, java.lang.Object, java.lang.Object, java.lang.Object, java.lang.Object, java.lang.Object, long)'> (0x0000000087e38cf0) 
thrown [s\open\src\hotspot\share\interpreter\linkResolver.cpp, line 774]
Event: 33.793 Thread 0x0000021e69dee700 Implicit null exception at 0x0000021e16c721ae to 0x0000021e16c73078

ZGC Phase Switch (0 events):
No events

VM Operations (20 events):
Event: 34.776 Executing VM operation: G1CollectForAllocation (G1 Evacuation Pause)
Event: 34.784 Executing VM operation: G1CollectForAllocation (G1 Evacuation Pause) done
Event: 34.918 Executing VM operation: HandshakeAllThreads (Deoptimize)
Event: 34.918 Executing VM operation: HandshakeAllThreads (Deoptimize) done
Event: 34.920 Executing VM operation: HandshakeAllThreads (Deoptimize)
Event: 34.920 Executing VM operation: HandshakeAllThreads (Deoptimize) done
Event: 34.926 Executing VM operation: HandshakeAllThreads (Deoptimize)
Event: 34.926 Executing VM operation: HandshakeAllThreads (Deoptimize) done
Event: 34.993 Executing VM operation: G1TryInitiateConcMark (G1 Humongous Allocation)
Event: 35.000 Executing VM operation: G1TryInitiateConcMark (G1 Humongous Allocation) done
Event: 35.062 Executing VM operation: G1PauseRemark
Event: 35.070 Executing VM operation: G1PauseRemark done
Event: 35.094 Executing VM operation: G1PauseCleanup
Event: 35.094 Executing VM operation: G1PauseCleanup done
Event: 36.098 Executing VM operation: Cleanup
Event: 36.098 Executing VM operation: Cleanup done
Event: 37.101 Executing VM operation: Cleanup
Event: 37.101 Executing VM operation: Cleanup done
Event: 37.255 Executing VM operation: HandshakeAllThreads (Deoptimize)
Event: 37.255 Executing VM operation: HandshakeAllThreads (Deoptimize) done

Memory protections (0 events):
No events

Nmethod flushes (20 events):
Event: 35.070 Thread 0x0000021e22ba7870 flushing  nmethod 0x0000021e0f626d10
Event: 35.070 Thread 0x0000021e22ba7870 flushing  nmethod 0x0000021e0f627790
Event: 35.070 Thread 0x0000021e22ba7870 flushing  nmethod 0x0000021e0f628610
Event: 35.070 Thread 0x0000021e22ba7870 flushing  nmethod 0x0000021e0f629090
Event: 35.070 Thread 0x0000021e22ba7870 flushing  nmethod 0x0000021e0f63c990
Event: 35.070 Thread 0x0000021e22ba7870 flushing  nmethod 0x0000021e0f674710
Event: 35.070 Thread 0x0000021e22ba7870 flushing  nmethod 0x0000021e0f678e90
Event: 35.070 Thread 0x0000021e22ba7870 flushing  nmethod 0x0000021e0f679710
Event: 35.070 Thread 0x0000021e22ba7870 flushing  nmethod 0x0000021e0f679b90
Event: 35.070 Thread 0x0000021e22ba7870 flushing  nmethod 0x0000021e0f67a010
Event: 35.070 Thread 0x0000021e22ba7870 flushing  nmethod 0x0000021e0f6a4c10
Event: 35.070 Thread 0x0000021e22ba7870 flushing  nmethod 0x0000021e0f6a5110
Event: 35.070 Thread 0x0000021e22ba7870 flushing  nmethod 0x0000021e0f7f4a10
Event: 35.070 Thread 0x0000021e22ba7870 flushing  nmethod 0x0000021e0f7f6910
Event: 35.070 Thread 0x0000021e22ba7870 flushing  nmethod 0x0000021e0f800190
Event: 35.070 Thread 0x0000021e22ba7870 flushing  nmethod 0x0000021e0f800e10
Event: 35.070 Thread 0x0000021e22ba7870 flushing  nmethod 0x0000021e0f809490
Event: 35.070 Thread 0x0000021e22ba7870 flushing  nmethod 0x0000021e0f8f8e90
Event: 35.070 Thread 0x0000021e22ba7870 flushing  nmethod 0x0000021e0f90fc10
Event: 35.070 Thread 0x0000021e22ba7870 flushing  nmethod 0x0000021e0f914010

Events (20 events):
Event: 32.149 Thread 0x0000021e69dee700 Thread added: 0x0000021e6c88b920
Event: 32.223 Thread 0x0000021e6c88b920 Thread added: 0x0000021e6c88bfb0
Event: 32.224 Thread 0x0000021e6c88bfb0 Thread exited: 0x0000021e6c88bfb0
Event: 32.245 Thread 0x0000021e6c88b920 Thread added: 0x0000021e6c889ee0
Event: 33.807 Thread 0x0000021e69dee700 Thread added: 0x0000021e6c88c640
Event: 33.811 Thread 0x0000021e69dee700 Thread added: 0x0000021e6c88ccd0
Event: 33.813 Thread 0x0000021e69dee700 Thread added: 0x0000021e6c889850
Event: 33.870 Thread 0x0000021e6c88b920 Thread added: 0x0000021e6c88bfb0
Event: 33.870 Thread 0x0000021e6c88ccd0 Thread added: 0x0000021e6cd86f20
Event: 33.872 Thread 0x0000021e6c889850 Thread added: 0x0000021e6cd84130
Event: 33.882 Thread 0x0000021e6c88bfb0 Thread exited: 0x0000021e6c88bfb0
Event: 33.883 Thread 0x0000021e6cd86f20 Thread exited: 0x0000021e6cd86f20
Event: 33.884 Thread 0x0000021e6cd84130 Thread exited: 0x0000021e6cd84130
Event: 35.525 Thread 0x0000021e697e3570 Thread exited: 0x0000021e697e3570
Event: 35.904 Thread 0x0000021e6c88ccd0 Thread added: 0x0000021e6a3214c0
Event: 36.406 Thread 0x0000021e6c88ccd0 Thread added: 0x0000021e6a320e30
Event: 36.407 Thread 0x0000021e6a320e30 Thread exited: 0x0000021e6a320e30
Event: 36.413 Thread 0x0000021e6c889850 Thread added: 0x0000021e6a321b50
Event: 36.413 Thread 0x0000021e6a321b50 Thread exited: 0x0000021e6a321b50
Event: 36.976 Thread 0x0000021e22be8ff0 Thread added: 0x0000021e69cc3630


Dynamic libraries:
0x00007ff7e5bd0000 - 0x00007ff7e5be0000 	C:\Program Files\Java\jdk-22\bin\java.exe
0x00007ff905590000 - 0x00007ff905788000 	C:\Windows\SYSTEM32\ntdll.dll
0x00007ff904760000 - 0x00007ff904822000 	C:\Windows\System32\KERNEL32.DLL
0x00007ff903020000 - 0x00007ff90331e000 	C:\Windows\System32\KERNELBASE.dll
0x00007ff9034b0000 - 0x00007ff9035b0000 	C:\Windows\System32\ucrtbase.dll
0x00007ff8f9f40000 - 0x00007ff8f9f5b000 	C:\Program Files\Java\jdk-22\bin\VCRUNTIME140.dll
0x00007ff8d3df0000 - 0x00007ff8d3e07000 	C:\Program Files\Java\jdk-22\bin\jli.dll
0x00007ff903e10000 - 0x00007ff903fad000 	C:\Windows\System32\USER32.dll
0x00007ff902d90000 - 0x00007ff902db2000 	C:\Windows\System32\win32u.dll
0x00007ff905040000 - 0x00007ff90506b000 	C:\Windows\System32\GDI32.dll
0x00007ff903390000 - 0x00007ff9034a7000 	C:\Windows\System32\gdi32full.dll
0x00007ff902e40000 - 0x00007ff902edd000 	C:\Windows\System32\msvcp_win.dll
0x00007ff8e8200000 - 0x00007ff8e849a000 	C:\Windows\WinSxS\amd64_microsoft.windows.common-controls_6595b64144ccf1df_6.0.19041.4355_none_60b8b9eb71f62e16\COMCTL32.dll
0x00007ff905350000 - 0x00007ff9053ee000 	C:\Windows\System32\msvcrt.dll
0x00007ff9053f0000 - 0x00007ff90541f000 	C:\Windows\System32\IMM32.DLL
0x00007ff8f0800000 - 0x00007ff8f080c000 	C:\Program Files\Java\jdk-22\bin\vcruntime140_1.dll
0x00007ff8d3e10000 - 0x00007ff8d3e9e000 	C:\Program Files\Java\jdk-22\bin\msvcp140.dll
0x00007ff89f560000 - 0x00007ff8a02a9000 	C:\Program Files\Java\jdk-22\bin\server\jvm.dll
0x00007ff904010000 - 0x00007ff9040c1000 	C:\Windows\System32\ADVAPI32.dll
0x00007ff9040d0000 - 0x00007ff90416f000 	C:\Windows\System32\sechost.dll
0x00007ff905420000 - 0x00007ff905543000 	C:\Windows\System32\RPCRT4.dll
0x00007ff902dc0000 - 0x00007ff902de7000 	C:\Windows\System32\bcrypt.dll
0x00007ff904fd0000 - 0x00007ff90503b000 	C:\Windows\System32\WS2_32.dll
0x00007ff902a90000 - 0x00007ff902adb000 	C:\Windows\SYSTEM32\POWRPROF.dll
0x00007ff8fd940000 - 0x00007ff8fd94a000 	C:\Windows\SYSTEM32\VERSION.dll
0x00007ff8e84a0000 - 0x00007ff8e84c7000 	C:\Windows\SYSTEM32\WINMM.dll
0x00007ff902a70000 - 0x00007ff902a82000 	C:\Windows\SYSTEM32\UMPDC.dll
0x00007ff900a70000 - 0x00007ff900a82000 	C:\Windows\SYSTEM32\kernel.appcore.dll
0x00007ff8e51d0000 - 0x00007ff8e51da000 	C:\Program Files\Java\jdk-22\bin\jimage.dll
0x00007ff8f24c0000 - 0x00007ff8f26a4000 	C:\Windows\SYSTEM32\DBGHELP.DLL
0x00007ff8ebe00000 - 0x00007ff8ebe34000 	C:\Windows\SYSTEM32\dbgcore.DLL
0x00007ff902ee0000 - 0x00007ff902f62000 	C:\Windows\System32\bcryptPrimitives.dll
0x00007ff8e9ac0000 - 0x00007ff8e9ade000 	C:\Program Files\Java\jdk-22\bin\java.dll
0x00007ff904830000 - 0x00007ff904f9d000 	C:\Windows\System32\SHELL32.dll
0x00007ff9035b0000 - 0x00007ff9036db000 	C:\Windows\System32\ole32.dll
0x00007ff904330000 - 0x00007ff904683000 	C:\Windows\System32\combase.dll
0x00007ff900c70000 - 0x00007ff901414000 	C:\Windows\SYSTEM32\windows.storage.dll
0x00007ff902510000 - 0x00007ff90253e000 	C:\Windows\SYSTEM32\Wldp.dll
0x00007ff904690000 - 0x00007ff90475d000 	C:\Windows\System32\OLEAUT32.dll
0x00007ff9037c0000 - 0x00007ff90386d000 	C:\Windows\System32\SHCORE.dll
0x00007ff903db0000 - 0x00007ff903e05000 	C:\Windows\System32\shlwapi.dll
0x00007ff902b60000 - 0x00007ff902b84000 	C:\Windows\SYSTEM32\profapi.dll
0x00007ff8d1510000 - 0x00007ff8d15e7000 	C:\Program Files\Java\jdk-22\bin\jsvml.dll
0x00007ff8e51c0000 - 0x00007ff8e51d0000 	C:\Program Files\Java\jdk-22\bin\net.dll
0x00007ff9022f0000 - 0x00007ff90235a000 	C:\Windows\system32\mswsock.dll
0x00007ff8e5150000 - 0x00007ff8e5166000 	C:\Program Files\Java\jdk-22\bin\nio.dll
0x00007ff8e1520000 - 0x00007ff8e1537000 	C:\Program Files\Java\jdk-22\bin\zip.dll
0x00007ff8a6c40000 - 0x00007ff8a6dce000 	C:\Program Files\Java\jdk-22\bin\awt.dll
0x00007ff8ffc10000 - 0x00007ff8ffca4000 	C:\Windows\SYSTEM32\apphelp.dll
0x00007ff900960000 - 0x00007ff90098f000 	C:\Windows\system32\DWMAPI.DLL
0x00007ff900580000 - 0x00007ff90061e000 	C:\Windows\system32\uxtheme.dll
0x00007ff8ddc00000 - 0x00007ff8ddd28000 	C:\Windows\system32\opengl32.dll
0x00007ff8ddb90000 - 0x00007ff8ddbbc000 	C:\Windows\SYSTEM32\GLU32.dll
0x00007ff905070000 - 0x00007ff905185000 	C:\Windows\System32\MSCTF.dll
0x00007ff8d1480000 - 0x00007ff8d1507000 	C:\Program Files\Java\jdk-22\bin\freetype.dll
0x00007ff8bcf80000 - 0x00007ff8bd057000 	C:\Program Files\Java\jdk-22\bin\fontmanager.dll
0x00007ff8f02a0000 - 0x00007ff8f0399000 	C:\Windows\SYSTEM32\textinputframework.dll
0x00007ff8ff2f0000 - 0x00007ff8ff64b000 	C:\Windows\System32\CoreUIComponents.dll
0x00007ff8ff9d0000 - 0x00007ff8ffac2000 	C:\Windows\System32\CoreMessaging.dll
0x00007ff901e80000 - 0x00007ff901eb3000 	C:\Windows\SYSTEM32\ntmarta.dll
0x00007ff8fec50000 - 0x00007ff8feda7000 	C:\Windows\SYSTEM32\wintypes.dll
0x00007ff8d94f0000 - 0x00007ff8d9556000 	C:\Windows\system32\Oleacc.dll
0x00007ff8ce5c0000 - 0x00007ff8ce5ee000 	C:\Program Files\Java\jdk-22\bin\javajpeg.dll
0x00007ff904200000 - 0x00007ff9042a9000 	C:\Windows\System32\clbcatq.dll
0x00007ff900370000 - 0x00007ff900526000 	C:\Windows\SYSTEM32\WindowsCodecs.dll
0x00007ff8de1c0000 - 0x00007ff8de1fe000 	C:\Windows\system32\dataexchange.dll
0x00007ff8ff100000 - 0x00007ff8ff2e4000 	C:\Windows\system32\dcomp.dll
0x00007ff8fedb0000 - 0x00007ff8ff013000 	C:\Windows\system32\d3d11.dll
0x00007ff901480000 - 0x00007ff901576000 	C:\Windows\system32\dxgi.dll
0x00007ff8fc1f0000 - 0x00007ff8fc3f3000 	C:\Windows\system32\twinapi.appcore.dll
0x00007ff902030000 - 0x00007ff9020fa000 	C:\Windows\SYSTEM32\DNSAPI.dll
0x00007ff901ff0000 - 0x00007ff90202b000 	C:\Windows\SYSTEM32\IPHLPAPI.DLL
0x00007ff904fc0000 - 0x00007ff904fc8000 	C:\Windows\System32\NSI.dll
0x00007ff8ef890000 - 0x00007ff8ef89a000 	C:\Windows\System32\rasadhlp.dll
0x00007ff8eff80000 - 0x00007ff8f0000000 	C:\Windows\System32\fwpuclnt.dll
0x00007ff8e1380000 - 0x00007ff8e1389000 	C:\Program Files\Java\jdk-22\bin\extnet.dll
0x00007ff902550000 - 0x00007ff902568000 	C:\Windows\SYSTEM32\CRYPTSP.dll
0x00007ff901c30000 - 0x00007ff901c64000 	C:\Windows\system32\rsaenh.dll
0x00007ff902b20000 - 0x00007ff902b4e000 	C:\Windows\SYSTEM32\USERENV.dll
0x00007ff902480000 - 0x00007ff90248c000 	C:\Windows\SYSTEM32\CRYPTBASE.dll
0x00007ff8dc440000 - 0x00007ff8dc44e000 	C:\Program Files\Java\jdk-22\bin\sunmscapi.dll
0x00007ff902c30000 - 0x00007ff902d8c000 	C:\Windows\System32\CRYPT32.dll
0x00007ff902660000 - 0x00007ff902687000 	C:\Windows\SYSTEM32\ncrypt.dll
0x00007ff902620000 - 0x00007ff90265b000 	C:\Windows\SYSTEM32\NTASN1.dll
0x00007ff8dc450000 - 0x00007ff8dc459000 	C:\Program Files\Java\jdk-22\bin\syslookup.dll

dbghelp: loaded successfully - version: 4.0.5 - missing functions: none
symbol engine: initialized successfully - sym options: 0x614 - pdb path: .;C:\Program Files\Java\jdk-22\bin;C:\Windows\SYSTEM32;C:\Windows\WinSxS\amd64_microsoft.windows.common-controls_6595b64144ccf1df_6.0.19041.4355_none_60b8b9eb71f62e16;C:\Program Files\Java\jdk-22\bin\server

VM Arguments:
jvm_args: -Dfile.encoding=UTF-8 --module-path=D:\Eastern University\DBMS Project\Electricity Billing System\build\classes 
java_command: electricity.billing.system.Splash
java_class_path (initial): D:\Eastern University\DBMS Project\mysql-connector-java-8.0.28.jar;D:\Eastern University\DBMS Project\rs2xml.jar;D:\Eastern University\DBMS Project\Electricity Billing System\build\classes
Launcher Type: SUN_STANDARD

[Global flags]
     intx CICompilerCount                          = 3                                         {product} {ergonomic}
     uint ConcGCThreads                            = 1                                         {product} {ergonomic}
     uint G1ConcRefinementThreads                  = 4                                         {product} {ergonomic}
   size_t G1HeapRegionSize                         = 1048576                                   {product} {ergonomic}
   size_t InitialHeapSize                          = 134217728                                 {product} {ergonomic}
   size_t MarkStackSize                            = 4194304                                   {product} {ergonomic}
   size_t MaxHeapSize                              = 2116026368                                {product} {ergonomic}
   size_t MaxNewSize                               = 1268776960                                {product} {ergonomic}
   size_t MinHeapDeltaBytes                        = 1048576                                   {product} {ergonomic}
   size_t MinHeapSize                              = 8388608                                   {product} {ergonomic}
    uintx NonNMethodCodeHeapSize                   = 5832780                                {pd product} {ergonomic}
    uintx NonProfiledCodeHeapSize                  = 122912730                              {pd product} {ergonomic}
    uintx ProfiledCodeHeapSize                     = 122912730                              {pd product} {ergonomic}
    uintx ReservedCodeCacheSize                    = 251658240                              {pd product} {ergonomic}
     bool SegmentedCodeCache                       = true                                      {product} {ergonomic}
   size_t SoftMaxHeapSize                          = 2116026368                             {manageable} {ergonomic}
     bool UseCompressedOops                        = true                           {product lp64_product} {ergonomic}
     bool UseG1GC                                  = true                                      {product} {ergonomic}
     bool UseLargePagesIndividualAllocation        = false                                  {pd product} {ergonomic}

Logging:
Log output configuration:
 #0: stdout all=warning uptime,level,tags foldmultilines=false
 #1: stderr all=off uptime,level,tags foldmultilines=false

Environment Variables:
PATH=C:\Program Files\Common Files\Oracle\Java\javapath;C:\Windows\system32;C:\Windows;C:\Windows\System32\Wbem;C:\Windows\System32\WindowsPowerShell\v1.0\;C:\Windows\System32\OpenSSH\;C:\Program Files\dotnet\;C:\Program Files\MySQL\MySQL Shell 8.0\bin\;C:\Users\palla\AppData\Local\Microsoft\WindowsApps;;C:\Users\palla\AppData\Local\Programs\Microsoft VS Code\bin
USERNAME=palla
OS=Windows_NT
PROCESSOR_IDENTIFIER=Intel64 Family 6 Model 142 Stepping 9, GenuineIntel
TMP=C:\Users\palla\AppData\Local\Temp
TEMP=C:\Users\palla\AppData\Local\Temp




Periodic native trim disabled

---------------  S Y S T E M  ---------------

OS:
 Windows 10 , 64 bit Build 19041 (10.0.19041.5072)
OS uptime: 0 days 3:09 hours
Hyper-V role detected

CPU: total 4 (initial active 4) (2 cores per cpu, 2 threads per core) family 6 model 142 stepping 9 microcode 0xf2, cx8, cmov, fxsr, ht, mmx, 3dnowpref, sse, sse2, sse3, ssse3, sse4.1, sse4.2, popcnt, lzcnt, tsc, tscinvbit, avx, avx2, aes, erms, clmul, bmi1, bmi2, rtm, adx, fma, vzeroupper, clflush, clflushopt, hv, rdtscp, f16c
Processor Information for all 4 processors :
  Max Mhz: 2712, Current Mhz: 2712, Mhz Limit: 2712

Memory: 4k page, system-wide physical 8067M (1571M free)
TotalPageFile size 14067M (AvailPageFile size 5M)
current process WorkingSet (physical memory assigned to process): 323M, peak: 323M
current process commit charge ("private bytes"): 352M, peak: 353M

vm_info: Java HotSpot(TM) 64-Bit Server VM (22.0.2+9-70) for windows-amd64 JRE (22.0.2+9-70), built on 2024-06-04T16:52:23Z by "mach5one" with MS VC++ 17.6 (VS2022)

END.
