#
# There is insufficient memory for the Java Runtime Environment to continue.
# Native memory allocation (mmap) failed to map 134217728 bytes. Error detail: G1 virtual space
# Possible reasons:
#   The system is out of physical RAM or swap space
#   This process is running with CompressedOops enabled, and the Java Heap may be blocking the growth of the native heap
# Possible solutions:
#   Reduce memory load on the system
#   Increase physical memory or swap space
#   Check if swap backing store is full
#   Decrease Java heap size (-Xmx/-Xms)
#   Decrease number of Java threads
#   Decrease Java thread stack sizes (-Xss)
#   Set larger code cache with -XX:ReservedCodeCacheSize=
#   JVM is running with Unscaled Compressed Oops mode in which the Java heap is
#     placed in the first 4GB address space. The Java Heap base address is the
#     maximum limit for the native heap growth. Please use -XX:HeapBaseMinAddress
#     to set the Java Heap base and to place the Java Heap above 4GB virtual address.
# This output file may be truncated or incomplete.
#
#  Out of Memory Error (os_windows.cpp:3631), pid=13004, tid=12896
#
# JRE version:  (22.0.2+9) (build )
# Java VM: Java HotSpot(TM) 64-Bit Server VM (22.0.2+9-70, mixed mode, sharing, tiered, compressed oops, compressed class ptrs, g1 gc, windows-amd64)
# No core dump will be written. Minidumps are not enabled by default on client versions of Windows
#

---------------  S U M M A R Y ------------

Command Line: -Dfile.encoding=UTF-8 --module-path=D:\Eastern University\DBMS Project\Electricity Billing System\build\classes electricity.billing.system.GenerateBill

Host: Intel(R) Core(TM) i5-7300U CPU @ 2.60GHz, 4 cores, 7G,  Windows 10 , 64 bit Build 19041 (10.0.19041.5072)
Time: Fri Nov 15 10:10:45 2024 Bangladesh Standard Time elapsed time: 0.022135 seconds (0d 0h 0m 0s)

---------------  T H R E A D  ---------------

Current thread (0x000002126191d8c0):  JavaThread "Unknown thread" [_thread_in_vm, id=12896, stack(0x0000009c4de00000,0x0000009c4df00000) (1024K)]

Stack: [0x0000009c4de00000,0x0000009c4df00000]
Native frames: (J=compiled Java code, j=interpreted, Vv=VM code, C=native code)
V  [jvm.dll+0x6e26e9]  (no source info available)
V  [jvm.dll+0x875753]  (no source info available)
V  [jvm.dll+0x877b7e]  (no source info available)
V  [jvm.dll+0x878253]  (no source info available)
V  [jvm.dll+0x27fc86]  (no source info available)
V  [jvm.dll+0x6ded85]  (no source info available)
V  [jvm.dll+0x6d388a]  (no source info available)
V  [jvm.dll+0x358b8a]  (no source info available)
V  [jvm.dll+0x3610b6]  (no source info available)
V  [jvm.dll+0x3b419e]  (no source info available)
V  [jvm.dll+0x3b4448]  (no source info available)
V  [jvm.dll+0x32c5ec]  (no source info available)
V  [jvm.dll+0x32d258]  (no source info available)
V  [jvm.dll+0x83d5ac]  (no source info available)
V  [jvm.dll+0x3c10d1]  (no source info available)
V  [jvm.dll+0x8264cc]  (no source info available)
V  [jvm.dll+0x45bd5e]  (no source info available)
V  [jvm.dll+0x45dbe1]  (no source info available)
C  [jli.dll+0x52a3]  (no source info available)
C  [ucrtbase.dll+0x21bb2]  (no source info available)
C  [KERNEL32.DLL+0x17374]  (no source info available)
C  [ntdll.dll+0x4cc91]  (no source info available)


---------------  P R O C E S S  ---------------

Threads class SMR info:
_java_thread_list=0x00007ff8a014c1c8, length=0, elements={
}

Java Threads: ( => current thread )
Total: 0

Other Threads:
  0x0000021261973e70 WorkerThread "GC Thread#0"                     [id=3292, stack(0x0000009c4df00000,0x0000009c4e000000) (1024K)]
  0x0000021261985b70 ConcurrentGCThread "G1 Main Marker"            [id=12844, stack(0x0000009c4e000000,0x0000009c4e100000) (1024K)]
  0x0000021261986590 WorkerThread "G1 Conc#0"                       [id=12876, stack(0x0000009c4e100000,0x0000009c4e200000) (1024K)]

[error occurred during error reporting (printing all threads), id 0xc0000005, EXCEPTION_ACCESS_VIOLATION (0xc0000005) at pc=0x00007ff89f89f517]
VM state: not at safepoint (not fully initialized)

VM Mutex/Monitor currently owned by a thread:  ([mutex/lock_event])
[0x00007ff8a01ccc80] Heap_lock - owner thread: 0x000002126191d8c0

Heap address: 0x0000000081e00000, size: 2018 MB, Compressed Oops mode: 32-bit

CDS archive(s) mapped at: [0x0000000000000000-0x0000000000000000-0x0000000000000000), size 0, SharedBaseAddress: 0x0000000800000000, ArchiveRelocationMode: 1.
Narrow klass base: 0x0000000000000000, Narrow klass shift: 0, Narrow klass range: 0x0

GC Precious Log:
 CardTable entry size: 512
 Card Set container configuration: InlinePtr #cards 5 size 8 Array Of Cards #cards 12 size 40 Howl #buckets 4 coarsen threshold 1843 Howl Bitmap #cards 512 size 80 coarsen threshold 460 Card regions per heap region 1 cards per card region 2048

Heap:
 garbage-first heap   total reserved 2066432K, committed 0K, used 0K [0x0000000081e00000, 0x0000000100000000)
  region size 1024K, 0 young (0K), 0 survivors (0K)

[error occurred during error reporting (printing heap information), id 0xc0000005, EXCEPTION_ACCESS_VIOLATION (0xc0000005) at pc=0x00007ff89fc9e869]
GC Heap History (0 events):
No events

Dll operation events (1 events):
Event: 0.016 Loaded shared library C:\Program Files\Java\jdk-22\bin\java.dll

Deoptimization events (0 events):
No events

Classes loaded (0 events):
No events

Classes unloaded (0 events):
No events

Classes redefined (0 events):
No events

Internal exceptions (0 events):
No events

ZGC Phase Switch (0 events):
No events

VM Operations (0 events):
No events

Memory protections (0 events):
No events

Nmethod flushes (0 events):
No events

Events (0 events):
No events


Dynamic libraries:
0x00007ff7e5bd0000 - 0x00007ff7e5be0000 	C:\Program Files\Java\jdk-22\bin\java.exe
0x00007ff905590000 - 0x00007ff905788000 	C:\Windows\SYSTEM32\ntdll.dll
0x00007ff904760000 - 0x00007ff904822000 	C:\Windows\System32\KERNEL32.DLL
0x00007ff903020000 - 0x00007ff90331e000 	C:\Windows\System32\KERNELBASE.dll
0x00007ff9034b0000 - 0x00007ff9035b0000 	C:\Windows\System32\ucrtbase.dll
0x00007ff8f9f40000 - 0x00007ff8f9f5b000 	C:\Program Files\Java\jdk-22\bin\VCRUNTIME140.dll
0x00007ff8d3df0000 - 0x00007ff8d3e07000 	C:\Program Files\Java\jdk-22\bin\jli.dll
0x00007ff903e10000 - 0x00007ff903fad000 	C:\Windows\System32\USER32.dll
0x00007ff902d90000 - 0x00007ff902db2000 	C:\Windows\System32\win32u.dll
0x00007ff905040000 - 0x00007ff90506b000 	C:\Windows\System32\GDI32.dll
0x00007ff903390000 - 0x00007ff9034a7000 	C:\Windows\System32\gdi32full.dll
0x00007ff902e40000 - 0x00007ff902edd000 	C:\Windows\System32\msvcp_win.dll
0x00007ff8e8200000 - 0x00007ff8e849a000 	C:\Windows\WinSxS\amd64_microsoft.windows.common-controls_6595b64144ccf1df_6.0.19041.4355_none_60b8b9eb71f62e16\COMCTL32.dll
0x00007ff905350000 - 0x00007ff9053ee000 	C:\Windows\System32\msvcrt.dll
0x00007ff9053f0000 - 0x00007ff90541f000 	C:\Windows\System32\IMM32.DLL
0x00007ff8f0800000 - 0x00007ff8f080c000 	C:\Program Files\Java\jdk-22\bin\vcruntime140_1.dll
0x00007ff8d3e10000 - 0x00007ff8d3e9e000 	C:\Program Files\Java\jdk-22\bin\msvcp140.dll
0x00007ff89f560000 - 0x00007ff8a02a9000 	C:\Program Files\Java\jdk-22\bin\server\jvm.dll
0x00007ff904010000 - 0x00007ff9040c1000 	C:\Windows\System32\ADVAPI32.dll
0x00007ff9040d0000 - 0x00007ff90416f000 	C:\Windows\System32\sechost.dll
0x00007ff905420000 - 0x00007ff905543000 	C:\Windows\System32\RPCRT4.dll
0x00007ff902dc0000 - 0x00007ff902de7000 	C:\Windows\System32\bcrypt.dll
0x00007ff904fd0000 - 0x00007ff90503b000 	C:\Windows\System32\WS2_32.dll
0x00007ff902a90000 - 0x00007ff902adb000 	C:\Windows\SYSTEM32\POWRPROF.dll
0x00007ff8e84a0000 - 0x00007ff8e84c7000 	C:\Windows\SYSTEM32\WINMM.dll
0x00007ff8fd940000 - 0x00007ff8fd94a000 	C:\Windows\SYSTEM32\VERSION.dll
0x00007ff902a70000 - 0x00007ff902a82000 	C:\Windows\SYSTEM32\UMPDC.dll
0x00007ff900a70000 - 0x00007ff900a82000 	C:\Windows\SYSTEM32\kernel.appcore.dll
0x00007ff8e51d0000 - 0x00007ff8e51da000 	C:\Program Files\Java\jdk-22\bin\jimage.dll
0x00007ff8f24c0000 - 0x00007ff8f26a4000 	C:\Windows\SYSTEM32\DBGHELP.DLL
0x00007ff8ebe00000 - 0x00007ff8ebe34000 	C:\Windows\SYSTEM32\dbgcore.DLL
0x00007ff902ee0000 - 0x00007ff902f62000 	C:\Windows\System32\bcryptPrimitives.dll
0x00007ff8e9ac0000 - 0x00007ff8e9ade000 	C:\Program Files\Java\jdk-22\bin\java.dll
0x00007ff904830000 - 0x00007ff904f9d000 	C:\Windows\System32\SHELL32.dll
0x00007ff9035b0000 - 0x00007ff9036db000 	C:\Windows\System32\ole32.dll
0x00007ff904330000 - 0x00007ff904683000 	C:\Windows\System32\combase.dll

dbghelp: loaded successfully - version: 4.0.5 - missing functions: none
symbol engine: initialized successfully - sym options: 0x614 - pdb path: .;C:\Program Files\Java\jdk-22\bin;C:\Windows\SYSTEM32;C:\Windows\WinSxS\amd64_microsoft.windows.common-controls_6595b64144ccf1df_6.0.19041.4355_none_60b8b9eb71f62e16;C:\Program Files\Java\jdk-22\bin\server

VM Arguments:
jvm_args: -Dfile.encoding=UTF-8 --module-path=D:\Eastern University\DBMS Project\Electricity Billing System\build\classes 
java_command: electricity.billing.system.GenerateBill
java_class_path (initial): D:\Eastern University\DBMS Project\mysql-connector-java-8.0.28.jar;D:\Eastern University\DBMS Project\rs2xml.jar;D:\Eastern University\DBMS Project\Electricity Billing System\build\classes
Launcher Type: SUN_STANDARD

[Global flags]
     intx CICompilerCount                          = 3                                         {product} {ergonomic}
     uint ConcGCThreads                            = 1                                         {product} {ergonomic}
     uint G1ConcRefinementThreads                  = 4                                         {product} {ergonomic}
   size_t G1HeapRegionSize                         = 1048576                                   {product} {ergonomic}
   size_t InitialHeapSize                          = 134217728                                 {product} {ergonomic}
   size_t MarkStackSize                            = 4194304                                   {product} {ergonomic}
   size_t MaxHeapSize                              = 2116026368                                {product} {ergonomic}
   size_t MinHeapDeltaBytes                        = 1048576                                   {product} {ergonomic}
   size_t MinHeapSize                              = 8388608                                   {product} {ergonomic}
    uintx NonNMethodCodeHeapSize                   = 5832780                                {pd product} {ergonomic}
    uintx NonProfiledCodeHeapSize                  = 122912730                              {pd product} {ergonomic}
    uintx ProfiledCodeHeapSize                     = 122912730                              {pd product} {ergonomic}
    uintx ReservedCodeCacheSize                    = 251658240                              {pd product} {ergonomic}
     bool SegmentedCodeCache                       = true                                      {product} {ergonomic}
   size_t SoftMaxHeapSize                          = 2116026368                             {manageable} {ergonomic}
     bool UseCompressedOops                        = true                           {product lp64_product} {ergonomic}
     bool UseG1GC                                  = true                                      {product} {ergonomic}
     bool UseLargePagesIndividualAllocation        = false                                  {pd product} {ergonomic}

Logging:
Log output configuration:
 #0: stdout all=warning uptime,level,tags foldmultilines=false
 #1: stderr all=off uptime,level,tags foldmultilines=false

Environment Variables:
PATH=C:\Program Files\Common Files\Oracle\Java\javapath;C:\Windows\system32;C:\Windows;C:\Windows\System32\Wbem;C:\Windows\System32\WindowsPowerShell\v1.0\;C:\Windows\System32\OpenSSH\;C:\Program Files\dotnet\;C:\Program Files\MySQL\MySQL Shell 8.0\bin\;C:\Users\palla\AppData\Local\Microsoft\WindowsApps;;C:\Users\palla\AppData\Local\Programs\Microsoft VS Code\bin
USERNAME=palla
OS=Windows_NT
PROCESSOR_IDENTIFIER=Intel64 Family 6 Model 142 Stepping 9, GenuineIntel
TMP=C:\Users\palla\AppData\Local\Temp
TEMP=C:\Users\palla\AppData\Local\Temp




Periodic native trim disabled

---------------  S Y S T E M  ---------------

OS:
 Windows 10 , 64 bit Build 19041 (10.0.19041.5072)
OS uptime: 0 days 3:01 hours
Hyper-V role detected

CPU: total 4 (initial active 4) (2 cores per cpu, 2 threads per core) family 6 model 142 stepping 9 microcode 0xf2, cx8, cmov, fxsr, ht, mmx, 3dnowpref, sse, sse2, sse3, ssse3, sse4.1, sse4.2, popcnt, lzcnt, tsc, tscinvbit, avx, avx2, aes, erms, clmul, bmi1, bmi2, rtm, adx, fma, vzeroupper, clflush, clflushopt, hv, rdtscp, f16c
Processor Information for all 4 processors :
  Max Mhz: 2712, Current Mhz: 2712, Mhz Limit: 2712

Memory: 4k page, system-wide physical 8067M (1100M free)
TotalPageFile size 14067M (AvailPageFile size 27M)
current process WorkingSet (physical memory assigned to process): 11M, peak: 11M
current process commit charge ("private bytes"): 52M, peak: 180M

vm_info: Java HotSpot(TM) 64-Bit Server VM (22.0.2+9-70) for windows-amd64 JRE (22.0.2+9-70), built on 2024-06-04T16:52:23Z by "mach5one" with MS VC++ 17.6 (VS2022)

END.
